[TASK]	Starting Server
[TASK]	Creating Service with address localhost:5000
[TASK]	Starting Director service
[TASK]	Starting director services
[TASK]	Reading Recovery JSON
[INFO]	Serving service on address localhost:5000
[INFO]	Setting output file (for recovry) to ./crrespaldo@vyv-dsd.cl-No-matter-c://.log
[INFO]	Recovery jnak416t worker is waiting to start!
[TASK]	Starting Server
[TASK]	Creating Service with address localhost:5000
[TASK]	Starting Director service
[TASK]	Starting director services
[INFO]	Serving service on address localhost:5000
[TASK]	Reading Recovery JSON
[INFO]	Setting output file (for recovery) to ./.crrespaldo@vyv-dsd.cl.No-matter.c://.log
[INFO]	Recovery jnak416t worker is waiting to start!
[TASK]	Starting Server
[TASK]	Creating Service with address localhost:5000
[TASK]	Starting Director service
[TASK]	Starting director services
[TASK]	Reading Recovery JSON
[INFO]	Serving service on address localhost:5000
[INFO]	Setting output file (for recovery) to ./Morocco's Custom.crrespaldo@vyv-dsd.cl.No-matter.c://.log
[INFO]	Recovery jnak416t worker is waiting to start!
[INFO]	Starting recovery jnak416t
[INFO]	Files: 0/0 | Blocks: 0/0 | Size: 0 b/0 b
[INFO]	Files: 0/0 | Blocks: 0/0 | Size: 0 b/0 b
[INFO]	Files: 0/0 | Blocks: 0/0 | Size: 0 b/0 b
[INFO]	Files: 0/0 | Blocks: 0/0 | Size: 0 b/0 b
[INFO]	Files: 0/0 | Blocks: 0/0 | Size: 0 b/0 b
[INFO]	Files: 0/53 | Blocks: 0/135 | Size: 0 b/38.5 MB
[INFO]	Files: 0/149 | Blocks: 0/339 | Size: 0 b/67.5 MB
[INFO]	Files: 0/385 | Blocks: 0/871 | Size: 0 b/174.4 MB
[INFO]	Files: 0/468 | Blocks: 0/1052 | Size: 0 b/208.1 MB
[INFO]	Files: 0/1059 | Blocks: 0/2326 | Size: 0 b/392.7 MB
[INFO]	Files: 0/1159 | Blocks: 0/2529 | Size: 0 b/420.6 MB
[INFO]	Files: 0/1633 | Blocks: 0/3628 | Size: 0 b/699.3 MB
[INFO]	Files: 0/1718 | Blocks: 0/4018 | Size: 0 b/945.8 MB
[INFO]	Files: 0/2083 | Blocks: 0/5045 | Size: 0 b/1.3 GB
[INFO]	Files: 0/2177 | Blocks: 0/5262 | Size: 0 b/1.3 GB
[TASK]	Starting Server
[TASK]	Creating Service with address localhost:5000
[TASK]	Starting Director service
[TASK]	Starting director services
[TASK]	Reading Recovery JSON
[INFO]	Serving service on address localhost:5000
[INFO]	Setting output file (for recovery) to ./Morocco's Custom.crrespaldo@vyv-dsd.cl.No-matter.c://.log
[INFO]	Recovery jnak416t worker is waiting to start!
[INFO]	Starting recovery jnak416t
[INFO]	Files: 0/0 | Blocks: 0/0 | Size: 0 b/0 b
[INFO]	Files: 0/0 | Blocks: 0/0 | Size: 0 b/0 b
[INFO]	Files: 0/0 | Blocks: 0/0 | Size: 0 b/0 b
[INFO]	Files: 0/0 | Blocks: 0/0 | Size: 0 b/0 b
[INFO]	Files: 0/0 | Blocks: 0/0 | Size: 0 b/0 b
[TASK]	Starting Server
[TASK]	Creating Service with address localhost:5000
[TASK]	Starting Director service
[TASK]	Starting director services
[TASK]	Reading Recovery JSON
[INFO]	Serving service on address localhost:5000
[INFO]	Setting output file (for recovery) to ./Morocco's Custom.crrespaldo@vyv-dsd.cl.No-matter.C.log
[INFO]	Recovery jnak416t worker is waiting to start!
[INFO]	Starting recovery jnak416t
[INFO]	Files: 0/0 | Blocks: 0/0 | Size: 0 b/0 b
[INFO]	Files: 0/0 | Blocks: 0/0 | Size: 0 b/0 b
[INFO]	Files: 0/0 | Blocks: 0/0 | Size: 0 b/0 b
[INFO]	Files: 0/0 | Blocks: 0/0 | Size: 0 b/0 b
[INFO]	Files: 0/0 | Blocks: 0/0 | Size: 0 b/0 b
[INFO]	Files: 0/53 | Blocks: 0/135 | Size: 0 b/38.5 MB
[INFO]	Files: 0/149 | Blocks: 0/339 | Size: 0 b/67.5 MB
[INFO]	Files: 0/335 | Blocks: 0/749 | Size: 0 b/142.0 MB
[INFO]	Files: 0/468 | Blocks: 0/1052 | Size: 0 b/208.1 MB
[INFO]	Files: 0/468 | Blocks: 0/1052 | Size: 0 b/208.1 MB
[INFO]	Files: 0/468 | Blocks: 0/1052 | Size: 0 b/208.1 MB
[INFO]	Files: 0/468 | Blocks: 0/1052 | Size: 0 b/208.1 MB
[INFO]	Files: 0/1059 | Blocks: 0/2326 | Size: 0 b/392.7 MB
[INFO]	Files: 0/1110 | Blocks: 0/2428 | Size: 0 b/408.0 MB
[INFO]	Files: 0/1633 | Blocks: 0/3628 | Size: 0 b/699.3 MB
[INFO]	Files: 0/1768 | Blocks: 0/4064 | Size: 0 b/897.6 MB
[INFO]	Files: 0/2083 | Blocks: 0/5045 | Size: 0 b/1.3 GB
[INFO]	Files: 0/2083 | Blocks: 0/5045 | Size: 0 b/1.3 GB
[INFO]	Files: 0/2083 | Blocks: 0/5045 | Size: 0 b/1.3 GB
[INFO]	Files: 0/2151 | Blocks: 0/5202 | Size: 0 b/1.3 GB
[INFO]	Files: 0/2178 | Blocks: 0/5264 | Size: 0 b/1.3 GB
[INFO]	Files: 0/2239 | Blocks: 0/5402 | Size: 0 b/1.4 GB
[INFO]	Files: 0/2242 | Blocks: 0/5408 | Size: 0 b/1.4 GB
[INFO]	Files: 0/2243 | Blocks: 0/5410 | Size: 0 b/1.4 GB
[INFO]	Files: 0/2368 | Blocks: 0/5676 | Size: 0 b/1.4 GB
[INFO]	Files: 0/2368 | Blocks: 0/5676 | Size: 0 b/1.4 GB
[INFO]	Files: 0/2368 | Blocks: 0/5676 | Size: 0 b/1.4 GB
[INFO]	Files: 0/2368 | Blocks: 0/5676 | Size: 0 b/1.4 GB
[INFO]	Files: 0/2368 | Blocks: 0/5676 | Size: 0 b/1.4 GB
[INFO]	Files: 0/3326 | Blocks: 0/7617 | Size: 0 b/1.6 GB
[INFO]	Files: 0/3346 | Blocks: 0/7657 | Size: 0 b/1.6 GB
[INFO]	Files: 0/3346 | Blocks: 0/7657 | Size: 0 b/1.6 GB
[INFO]	Files: 0/3346 | Blocks: 0/7657 | Size: 0 b/1.6 GB
[INFO]	Files: 0/3346 | Blocks: 0/7657 | Size: 0 b/1.6 GB
[INFO]	Files: 705/3346 | Blocks: 1526/7657 | Size: 253.7 MB/1.6 GB
[INFO]	Files: 2280/3346 | Blocks: 5060/7657 | Size: 984.7 MB/1.6 GB
[INFO]	Files: 3334/3346 | Blocks: 7633/7657 | Size: 1.6 GB/1.6 GB
[INFO]	Total time 2s
[INFO]	Recovery finished
[INFO]	Files: 3336/3346 | Blocks: 7637/7657 | Size: 1.6 GB/1.6 GB (Errors:10)
[INFO]	Files: 3336/3346 | Blocks: 7637/7657 | Size: 1.6 GB/1.6 GB (Errors:10)
[INFO]	Files: 3336/3346 | Blocks: 7637/7657 | Size: 1.6 GB/1.6 GB (Errors:10)
[INFO]	Files: 3336/3346 | Blocks: 7637/7657 | Size: 1.6 GB/1.6 GB (Errors:10)
[INFO]	Files: 3336/3346 | Blocks: 7637/7657 | Size: 1.6 GB/1.6 GB (Errors:10)
[INFO]	Files: 3336/3346 | Blocks: 7637/7657 | Size: 1.6 GB/1.6 GB (Errors:10)
[INFO]	Files: 3336/3346 | Blocks: 7637/7657 | Size: 1.6 GB/1.6 GB (Errors:10)
[INFO]	Files: 3336/3346 | Blocks: 7637/7657 | Size: 1.6 GB/1.6 GB (Errors:10)
[INFO]	Files: 3336/3346 | Blocks: 7637/7657 | Size: 1.6 GB/1.6 GB (Errors:10)
[INFO]	Files: 3336/3346 | Blocks: 7637/7657 | Size: 1.6 GB/1.6 GB (Errors:10)
[INFO]	Files: 3336/3346 | Blocks: 7637/7657 | Size: 1.6 GB/1.6 GB (Errors:10)
[INFO]	Files: 3336/3346 | Blocks: 7637/7657 | Size: 1.6 GB/1.6 GB (Errors:10)
[INFO]	Files: 3336/3346 | Blocks: 7637/7657 | Size: 1.6 GB/1.6 GB (Errors:10)
[INFO]	Files: 3336/3346 | Blocks: 7637/7657 | Size: 1.6 GB/1.6 GB (Errors:10)
[INFO]	Files: 3336/3346 | Blocks: 7637/7657 | Size: 1.6 GB/1.6 GB (Errors:10)
[TASK]	Starting Server
[TASK]	Creating Service with address localhost:5000
[TASK]	Starting Director service
[TASK]	Starting director services
[TASK]	Reading Recovery JSON
[INFO]	Serving service on address localhost:5000
[INFO]	Setting output file (for recovery) to ./Morocco's Custom.crrespaldo@vyv-dsd.cl.No-matter.C.log
[INFO]	Recovery jnak416t worker is waiting to start!
[INFO]	Starting recovery jnak416t
[INFO]	Files: 0/0 | Blocks: 0/0 | Size: 0 b/0 b
[INFO]	Files: 0/0 | Blocks: 0/0 | Size: 0 b/0 b
[INFO]	Files: 0/0 | Blocks: 0/0 | Size: 0 b/0 b
[INFO]	Files: 0/0 | Blocks: 0/0 | Size: 0 b/0 b
[INFO]	Files: 0/0 | Blocks: 0/0 | Size: 0 b/0 b
[INFO]	Files: 0/53 | Blocks: 0/135 | Size: 0 b/38.5 MB
[INFO]	Files: 0/149 | Blocks: 0/339 | Size: 0 b/67.5 MB
[INFO]	Files: 0/381 | Blocks: 0/861 | Size: 0 b/171.1 MB
[INFO]	Files: 0/468 | Blocks: 0/1052 | Size: 0 b/208.1 MB
[INFO]	Files: 0/1056 | Blocks: 0/2320 | Size: 0 b/392.5 MB
[INFO]	Files: 0/1059 | Blocks: 0/2326 | Size: 0 b/392.7 MB
[INFO]	Files: 0/1633 | Blocks: 0/3628 | Size: 0 b/699.3 MB
[INFO]	Files: 0/1633 | Blocks: 0/3628 | Size: 0 b/699.3 MB
[INFO]	Files: 0/1633 | Blocks: 0/3628 | Size: 0 b/699.3 MB
[INFO]	Files: 0/1633 | Blocks: 0/3628 | Size: 0 b/699.3 MB
[INFO]	Files: 0/1633 | Blocks: 0/3628 | Size: 0 b/699.3 MB
[INFO]	Files: 0/1841 | Blocks: 0/4214 | Size: 0 b/918.3 MB
[INFO]	Files: 0/2083 | Blocks: 0/5045 | Size: 0 b/1.3 GB
[INFO]	Files: 0/2141 | Blocks: 0/5177 | Size: 0 b/1.3 GB
[INFO]	Files: 0/2143 | Blocks: 0/5187 | Size: 0 b/1.3 GB
[INFO]	Files: 0/2201 | Blocks: 0/5309 | Size: 0 b/1.3 GB
[INFO]	Files: 0/2205 | Blocks: 0/5321 | Size: 0 b/1.3 GB
[INFO]	Files: 0/2368 | Blocks: 0/5676 | Size: 0 b/1.4 GB
[INFO]	Files: 0/2368 | Blocks: 0/5676 | Size: 0 b/1.4 GB
[INFO]	Files: 0/2368 | Blocks: 0/5676 | Size: 0 b/1.4 GB
[INFO]	Files: 0/2368 | Blocks: 0/5676 | Size: 0 b/1.4 GB
[INFO]	Files: 0/3326 | Blocks: 0/7617 | Size: 0 b/1.6 GB
[INFO]	Files: 0/3346 | Blocks: 0/7657 | Size: 0 b/1.6 GB
[INFO]	Files: 0/3346 | Blocks: 0/7657 | Size: 0 b/1.6 GB
[INFO]	Files: 0/3346 | Blocks: 0/7657 | Size: 0 b/1.6 GB
[INFO]	Files: 0/3346 | Blocks: 0/7657 | Size: 0 b/1.6 GB
[INFO]	/Users/morocco/Documents/TestRecovery/Morocco's Custom/crrespaldo@vyv-dsd.cl/No-matter/c:
[INFO]	Files: 523/3346 | Blocks: 1102/7657 | Size: 151.3 MB/1.6 GB
[INFO]	Files: 2718/3346 | Blocks: 6043/7657 | Size: 1.1 GB/1.6 GB
[INFO]	Total time 1s
[INFO]	Recovery finished
[INFO]	Files: 3336/3346 | Blocks: 7637/7657 | Size: 1.6 GB/1.6 GB (Errors:10)
[INFO]	Files: 3336/3346 | Blocks: 7637/7657 | Size: 1.6 GB/1.6 GB (Errors:10)
[INFO]	Files: 3336/3346 | Blocks: 7637/7657 | Size: 1.6 GB/1.6 GB (Errors:10)
[INFO]	Files: 3336/3346 | Blocks: 7637/7657 | Size: 1.6 GB/1.6 GB (Errors:10)
[INFO]	Files: 3336/3346 | Blocks: 7637/7657 | Size: 1.6 GB/1.6 GB (Errors:10)
[INFO]	Files: 3336/3346 | Blocks: 7637/7657 | Size: 1.6 GB/1.6 GB (Errors:10)
[INFO]	Files: 3336/3346 | Blocks: 7637/7657 | Size: 1.6 GB/1.6 GB (Errors:10)
[INFO]	Files: 3336/3346 | Blocks: 7637/7657 | Size: 1.6 GB/1.6 GB (Errors:10)
[INFO]	Files: 3336/3346 | Blocks: 7637/7657 | Size: 1.6 GB/1.6 GB (Errors:10)
[INFO]	Files: 3336/3346 | Blocks: 7637/7657 | Size: 1.6 GB/1.6 GB (Errors:10)
[INFO]	Files: 3336/3346 | Blocks: 7637/7657 | Size: 1.6 GB/1.6 GB (Errors:10)
[INFO]	Files: 3336/3346 | Blocks: 7637/7657 | Size: 1.6 GB/1.6 GB (Errors:10)
[INFO]	Files: 3336/3346 | Blocks: 7637/7657 | Size: 1.6 GB/1.6 GB (Errors:10)
[TASK]	Starting Server
[TASK]	Creating Service with address localhost:5000
[TASK]	Starting Director service
[TASK]	Starting director services
[INFO]	Serving service on address localhost:5000
[TASK]	Initializing Remote Clouds
[TASK]	Reading Recovery JSON
[TASK]	Queueing recovery jnak416t
[TASK]	Starting recovery workers creator
[INFO]	Setting output file (for recovery) to ./Morocco's Custom.crrespaldo@vyv-dsd.cl.No-matter.C.log
[INFO]	Recovery jnak416t worker is waiting to start!
[TASK]	Starting recovery picker
[TASK]	Starting Server
[TASK]	Creating Service with address localhost:5000
[TASK]	Starting Director service
[INFO]	Serving service on address localhost:5000
[TASK]	Starting director services
[TASK]	Initializing Remote Clouds
[TASK]	Reading Recovery JSON
[TASK]	Queueing recovery jnak416t
[TASK]	Starting recovery picker
[TASK]	Starting recovery workers creator
[INFO]	Setting output file (for recovery) to ./Morocco's Custom.crrespaldo@vyv-dsd.cl.No-matter.C.log
[INFO]	Recovery jnak416t worker is waiting to start!
[INFO]	Starting recovery jnak416t
[INFO]	Files: 0/0 | Blocks: 0/0 | Size: 0 b/0 b
[INFO]	Files: 0/0 | Blocks: 0/0 | Size: 0 b/0 b
[INFO]	Files: 0/0 | Blocks: 0/0 | Size: 0 b/0 b
[INFO]	Files: 0/0 | Blocks: 0/0 | Size: 0 b/0 b
[INFO]	Files: 0/0 | Blocks: 0/0 | Size: 0 b/0 b
[INFO]	Files: 0/53 | Blocks: 0/135 | Size: 0 b/38.5 MB
[INFO]	Files: 0/149 | Blocks: 0/339 | Size: 0 b/67.5 MB
[INFO]	Files: 0/442 | Blocks: 0/999 | Size: 0 b/205.0 MB
[INFO]	Files: 0/468 | Blocks: 0/1052 | Size: 0 b/208.1 MB
[INFO]	Files: 0/1059 | Blocks: 0/2326 | Size: 0 b/392.7 MB
[INFO]	Files: 0/1244 | Blocks: 0/2760 | Size: 0 b/516.3 MB
[INFO]	Files: 0/1633 | Blocks: 0/3628 | Size: 0 b/699.3 MB
[INFO]	Files: 0/1839 | Blocks: 0/4198 | Size: 0 b/903.5 MB
[INFO]	Files: 0/2083 | Blocks: 0/5045 | Size: 0 b/1.3 GB
[INFO]	Files: 0/2150 | Blocks: 0/5198 | Size: 0 b/1.3 GB
[INFO]	Files: 0/2152 | Blocks: 0/5202 | Size: 0 b/1.3 GB
[INFO]	Files: 0/2186 | Blocks: 0/5281 | Size: 0 b/1.3 GB
[INFO]	Files: 0/2214 | Blocks: 0/5342 | Size: 0 b/1.3 GB
[INFO]	Files: 0/2215 | Blocks: 0/5344 | Size: 0 b/1.3 GB
[INFO]	Files: 0/2368 | Blocks: 0/5676 | Size: 0 b/1.4 GB
[INFO]	Files: 0/3326 | Blocks: 0/7617 | Size: 0 b/1.6 GB
[INFO]	Files: 0/3346 | Blocks: 0/7657 | Size: 0 b/1.6 GB
[INFO]	Files: 0/3346 | Blocks: 0/7657 | Size: 0 b/1.6 GB
[INFO]	Files: 0/3346 | Blocks: 0/7657 | Size: 0 b/1.6 GB
[INFO]	Files: 0/3346 | Blocks: 0/7657 | Size: 0 b/1.6 GB
[INFO]	Writting files to /Users/morocco/Documents/TestRecovery/Morocco's Custom/crrespaldo@vyv-dsd.cl/No-matter/c:
[INFO]	Files: 0/3346 | Blocks: 0/7657 | Size: 0 b/1.6 GB
[INFO]	Files: 27/3346 | Blocks: 54/7657 | Size: 3.3 MB/1.6 GB
[INFO]	Files: 49/3346 | Blocks: 98/7657 | Size: 5.1 MB/1.6 GB
[INFO]	Files: 69/3346 | Blocks: 138/7657 | Size: 10.2 MB/1.6 GB
[INFO]	Files: 78/3346 | Blocks: 156/7657 | Size: 12.6 MB/1.6 GB
[INFO]	Files: 96/3346 | Blocks: 193/7657 | Size: 15.9 MB/1.6 GB
[INFO]	Files: 118/3346 | Blocks: 237/7657 | Size: 19.5 MB/1.6 GB
[INFO]	Files: 153/3346 | Blocks: 309/7657 | Size: 26.1 MB/1.6 GB
[INFO]	Files: 179/3346 | Blocks: 362/7657 | Size: 30.0 MB/1.6 GB
[INFO]	Files: 214/3346 | Blocks: 435/7657 | Size: 37.3 MB/1.6 GB
[INFO]	Files: 224/3346 | Blocks: 457/7657 | Size: 41.5 MB/1.6 GB
[INFO]	Files: 244/3346 | Blocks: 499/7657 | Size: 47.7 MB/1.6 GB
[INFO]	Files: 273/3346 | Blocks: 560/7657 | Size: 56.5 MB/1.6 GB
[INFO]	Files: 292/3346 | Blocks: 600/7657 | Size: 62.7 MB/1.6 GB
[INFO]	Files: 315/3346 | Blocks: 646/7657 | Size: 67.8 MB/1.6 GB
[INFO]	Files: 338/3346 | Blocks: 692/7657 | Size: 71.7 MB/1.6 GB
[INFO]	Files: 346/3346 | Blocks: 708/7657 | Size: 73.4 MB/1.6 GB
[INFO]	Files: 387/3346 | Blocks: 792/7657 | Size: 82.7 MB/1.6 GB
[INFO]	Files: 440/3346 | Blocks: 899/7657 | Size: 87.4 MB/1.6 GB
[INFO]	Files: 464/3346 | Blocks: 949/7657 | Size: 91.2 MB/1.6 GB
[INFO]	Files: 477/3346 | Blocks: 975/7657 | Size: 93.9 MB/1.6 GB
[INFO]	Files: 481/3346 | Blocks: 983/7657 | Size: 94.6 MB/1.6 GB
[INFO]	Files: 486/3346 | Blocks: 993/7657 | Size: 97.3 MB/1.6 GB
[INFO]	Files: 491/3346 | Blocks: 1003/7657 | Size: 100.4 MB/1.6 GB
[INFO]	Files: 500/3346 | Blocks: 1022/7657 | Size: 104.3 MB/1.6 GB
[INFO]	Files: 515/3346 | Blocks: 1053/7657 | Size: 108.4 MB/1.6 GB
[INFO]	Files: 538/3346 | Blocks: 1100/7657 | Size: 112.0 MB/1.6 GB
[INFO]	Files: 547/3346 | Blocks: 1119/7657 | Size: 114.6 MB/1.6 GB
[INFO]	Files: 559/3346 | Blocks: 1145/7657 | Size: 122.0 MB/1.6 GB
[INFO]	Files: 575/3346 | Blocks: 1178/7657 | Size: 126.4 MB/1.6 GB
[INFO]	Files: 592/3346 | Blocks: 1214/7657 | Size: 132.4 MB/1.6 GB
[INFO]	Files: 613/3346 | Blocks: 1260/7657 | Size: 140.0 MB/1.6 GB
[INFO]	Files: 631/3346 | Blocks: 1297/7657 | Size: 145.5 MB/1.6 GB
[INFO]	Files: 650/3346 | Blocks: 1339/7657 | Size: 153.2 MB/1.6 GB
[INFO]	Files: 656/3346 | Blocks: 1351/7657 | Size: 154.0 MB/1.6 GB
[INFO]	Files: 664/3346 | Blocks: 1371/7657 | Size: 160.7 MB/1.6 GB
[INFO]	Files: 675/3346 | Blocks: 1394/7657 | Size: 165.1 MB/1.6 GB
[INFO]	Files: 682/3346 | Blocks: 1408/7657 | Size: 167.3 MB/1.6 GB
[INFO]	Files: 691/3346 | Blocks: 1427/7657 | Size: 171.0 MB/1.6 GB
[INFO]	Files: 703/3346 | Blocks: 1454/7657 | Size: 178.0 MB/1.6 GB
[INFO]	Files: 716/3346 | Blocks: 1482/7657 | Size: 183.5 MB/1.6 GB
[INFO]	Files: 726/3346 | Blocks: 1502/7657 | Size: 185.6 MB/1.6 GB
[INFO]	Files: 741/3346 | Blocks: 1532/7657 | Size: 189.6 MB/1.6 GB
[INFO]	Files: 760/3346 | Blocks: 1573/7657 | Size: 197.8 MB/1.6 GB
[INFO]	Files: 777/3346 | Blocks: 1609/7657 | Size: 204.6 MB/1.6 GB
[INFO]	Files: 799/3346 | Blocks: 1658/7657 | Size: 215.0 MB/1.6 GB
[INFO]	Files: 817/3346 | Blocks: 1695/7657 | Size: 220.6 MB/1.6 GB
[INFO]	Files: 841/3346 | Blocks: 1753/7657 | Size: 236.0 MB/1.6 GB
[INFO]	Files: 863/3346 | Blocks: 1798/7657 | Size: 241.7 MB/1.6 GB
[INFO]	Files: 883/3346 | Blocks: 1838/7657 | Size: 246.0 MB/1.6 GB
[INFO]	Files: 904/3346 | Blocks: 1880/7657 | Size: 250.5 MB/1.6 GB
[INFO]	Files: 931/3346 | Blocks: 1934/7657 | Size: 256.2 MB/1.6 GB
[INFO]	Files: 948/3346 | Blocks: 1968/7657 | Size: 259.9 MB/1.6 GB
[INFO]	Files: 971/3346 | Blocks: 2015/7657 | Size: 265.6 MB/1.6 GB
[INFO]	Files: 989/3346 | Blocks: 2051/7657 | Size: 269.3 MB/1.6 GB
[INFO]	Files: 1013/3346 | Blocks: 2099/7657 | Size: 274.1 MB/1.6 GB
[INFO]	Files: 1031/3346 | Blocks: 2135/7657 | Size: 277.9 MB/1.6 GB
[INFO]	Files: 1050/3346 | Blocks: 2173/7657 | Size: 282.2 MB/1.6 GB
[INFO]	Files: 1072/3346 | Blocks: 2217/7657 | Size: 286.8 MB/1.6 GB
[INFO]	Files: 1091/3346 | Blocks: 2255/7657 | Size: 290.7 MB/1.6 GB
[INFO]	Files: 1111/3346 | Blocks: 2298/7657 | Size: 298.5 MB/1.6 GB
[INFO]	Files: 1120/3346 | Blocks: 2316/7657 | Size: 300.4 MB/1.6 GB
[INFO]	Files: 1133/3346 | Blocks: 2348/7657 | Size: 309.1 MB/1.6 GB
[INFO]	Files: 1140/3346 | Blocks: 2362/7657 | Size: 311.4 MB/1.6 GB
[INFO]	Files: 1150/3346 | Blocks: 2382/7657 | Size: 313.4 MB/1.6 GB
[INFO]	Files: 1159/3346 | Blocks: 2400/7657 | Size: 314.0 MB/1.6 GB
[INFO]	Files: 1164/3346 | Blocks: 2410/7657 | Size: 314.9 MB/1.6 GB
[INFO]	Files: 1172/3346 | Blocks: 2426/7657 | Size: 316.4 MB/1.6 GB
[INFO]	Files: 1180/3346 | Blocks: 2442/7657 | Size: 317.6 MB/1.6 GB
[INFO]	Files: 1184/3346 | Blocks: 2450/7657 | Size: 318.5 MB/1.6 GB
[INFO]	Files: 1185/3346 | Blocks: 2452/7657 | Size: 318.9 MB/1.6 GB
[INFO]	Files: 1187/3346 | Blocks: 2458/7657 | Size: 322.6 MB/1.6 GB
[INFO]	Files: 1191/3346 | Blocks: 2469/7657 | Size: 325.7 MB/1.6 GB
[INFO]	Files: 1192/3346 | Blocks: 2471/7657 | Size: 325.7 MB/1.6 GB
[INFO]	Files: 1195/3346 | Blocks: 2477/7657 | Size: 326.7 MB/1.6 GB
[INFO]	Files: 1196/3346 | Blocks: 2485/7657 | Size: 333.1 MB/1.6 GB
[INFO]	Files: 1198/3346 | Blocks: 2489/7657 | Size: 334.2 MB/1.6 GB
[INFO]	Files: 1200/3346 | Blocks: 2494/7657 | Size: 336.4 MB/1.6 GB
[INFO]	Files: 1202/3346 | Blocks: 2501/7657 | Size: 339.8 MB/1.6 GB
[INFO]	Files: 1205/3346 | Blocks: 2511/7657 | Size: 345.0 MB/1.6 GB
[INFO]	Files: 1209/3346 | Blocks: 2519/7657 | Size: 347.0 MB/1.6 GB
[INFO]	Files: 1215/3346 | Blocks: 2534/7657 | Size: 351.2 MB/1.6 GB
[INFO]	Files: 1220/3346 | Blocks: 2545/7657 | Size: 353.6 MB/1.6 GB
[INFO]	Files: 1223/3346 | Blocks: 2551/7657 | Size: 353.7 MB/1.6 GB
[INFO]	Files: 1227/3346 | Blocks: 2559/7657 | Size: 355.4 MB/1.6 GB
[INFO]	Files: 1229/3346 | Blocks: 2563/7657 | Size: 355.4 MB/1.6 GB
[INFO]	Files: 1231/3346 | Blocks: 2571/7657 | Size: 360.5 MB/1.6 GB
[INFO]	Files: 1235/3346 | Blocks: 2580/7657 | Size: 362.4 MB/1.6 GB
[INFO]	Files: 1237/3346 | Blocks: 2584/7657 | Size: 362.5 MB/1.6 GB
[INFO]	Files: 1241/3346 | Blocks: 2598/7657 | Size: 369.4 MB/1.6 GB
[INFO]	Files: 1246/3346 | Blocks: 2612/7657 | Size: 374.7 MB/1.6 GB
[INFO]	Files: 1250/3346 | Blocks: 2620/7657 | Size: 375.9 MB/1.6 GB
[INFO]	Files: 1250/3346 | Blocks: 2620/7657 | Size: 375.9 MB/1.6 GB
[INFO]	Files: 1257/3346 | Blocks: 2641/7657 | Size: 385.6 MB/1.6 GB
[INFO]	Files: 1263/3346 | Blocks: 2653/7657 | Size: 385.8 MB/1.6 GB
[INFO]	Files: 1273/3346 | Blocks: 2673/7657 | Size: 386.8 MB/1.6 GB
[INFO]	Files: 1278/3346 | Blocks: 2684/7657 | Size: 388.6 MB/1.6 GB
[INFO]	Files: 1284/3346 | Blocks: 2698/7657 | Size: 391.7 MB/1.6 GB
[INFO]	Files: 1290/3346 | Blocks: 2710/7657 | Size: 393.3 MB/1.6 GB
[INFO]	Files: 1295/3346 | Blocks: 2726/7657 | Size: 400.6 MB/1.6 GB
[INFO]	Files: 1301/3346 | Blocks: 2738/7657 | Size: 401.7 MB/1.6 GB
[INFO]	Files: 1309/3346 | Blocks: 2756/7657 | Size: 406.2 MB/1.6 GB
[INFO]	Files: 1321/3346 | Blocks: 2780/7657 | Size: 408.3 MB/1.6 GB
[INFO]	Files: 1326/3346 | Blocks: 2792/7657 | Size: 411.0 MB/1.6 GB
[INFO]	Files: 1339/3346 | Blocks: 2827/7657 | Size: 422.9 MB/1.6 GB
[INFO]	Files: 1350/3346 | Blocks: 2849/7657 | Size: 424.5 MB/1.6 GB
[INFO]	Files: 1359/3346 | Blocks: 2876/7657 | Size: 435.4 MB/1.6 GB
[INFO]	Files: 1363/3346 | Blocks: 2889/7657 | Size: 441.9 MB/1.6 GB
[INFO]	Files: 1368/3346 | Blocks: 2899/7657 | Size: 443.6 MB/1.6 GB
[INFO]	Files: 1381/3346 | Blocks: 2935/7657 | Size: 455.2 MB/1.6 GB
[INFO]	Files: 1391/3346 | Blocks: 2955/7657 | Size: 456.3 MB/1.6 GB
[INFO]	Files: 1406/3346 | Blocks: 2987/7657 | Size: 461.7 MB/1.6 GB
[INFO]	Files: 1409/3346 | Blocks: 2997/7657 | Size: 467.5 MB/1.6 GB
[INFO]	Files: 1417/3346 | Blocks: 3013/7657 | Size: 470.5 MB/1.6 GB
[INFO]	Files: 1422/3346 | Blocks: 3025/7657 | Size: 474.4 MB/1.6 GB
[INFO]	Files: 1439/3346 | Blocks: 3073/7657 | Size: 492.0 MB/1.6 GB
[INFO]	Files: 1454/3346 | Blocks: 3108/7657 | Size: 499.9 MB/1.6 GB
[INFO]	Files: 1464/3346 | Blocks: 3136/7657 | Size: 509.7 MB/1.6 GB
[INFO]	Files: 1474/3346 | Blocks: 3156/7657 | Size: 511.6 MB/1.6 GB
[INFO]	Files: 1505/3346 | Blocks: 3218/7657 | Size: 514.8 MB/1.6 GB
[INFO]	Files: 1551/3346 | Blocks: 3318/7657 | Size: 527.5 MB/1.6 GB
[INFO]	Files: 1574/3346 | Blocks: 3373/7657 | Size: 538.3 MB/1.6 GB
[INFO]	Files: 1590/3346 | Blocks: 3410/7657 | Size: 545.3 MB/1.6 GB
[INFO]	Files: 1599/3346 | Blocks: 3435/7657 | Size: 553.0 MB/1.6 GB
[INFO]	Files: 1610/3346 | Blocks: 3458/7657 | Size: 557.8 MB/1.6 GB
[INFO]	Files: 1612/3346 | Blocks: 3463/7657 | Size: 560.1 MB/1.6 GB
[INFO]	Files: 1612/3346 | Blocks: 3463/7657 | Size: 560.1 MB/1.6 GB
[INFO]	Files: 1618/3346 | Blocks: 3480/7657 | Size: 569.3 MB/1.6 GB
[INFO]	Files: 1628/3346 | Blocks: 3502/7657 | Size: 574.0 MB/1.6 GB
[INFO]	Files: 1637/3346 | Blocks: 3521/7657 | Size: 577.9 MB/1.6 GB
[INFO]	Files: 1648/3346 | Blocks: 3554/7657 | Size: 592.9 MB/1.6 GB
[INFO]	Files: 1660/3346 | Blocks: 3597/7657 | Size: 616.4 MB/1.6 GB
[INFO]	Files: 1669/3346 | Blocks: 3615/7657 | Size: 618.4 MB/1.6 GB
[INFO]	Files: 1687/3346 | Blocks: 3652/7657 | Size: 625.0 MB/1.6 GB
[INFO]	Files: 1704/3346 | Blocks: 3686/7657 | Size: 628.9 MB/1.6 GB
[INFO]	Files: 1721/3346 | Blocks: 3723/7657 | Size: 633.9 MB/1.6 GB
[INFO]	Files: 1741/3346 | Blocks: 3768/7657 | Size: 641.4 MB/1.6 GB
[INFO]	Files: 1747/3346 | Blocks: 3780/7657 | Size: 643.2 MB/1.6 GB
[INFO]	Files: 1756/3346 | Blocks: 3808/7657 | Size: 655.1 MB/1.6 GB
[INFO]	Files: 1760/3346 | Blocks: 3816/7657 | Size: 657.0 MB/1.6 GB
[INFO]	Files: 1768/3346 | Blocks: 3842/7657 | Size: 669.5 MB/1.6 GB
[INFO]	Files: 1774/3346 | Blocks: 3855/7657 | Size: 671.8 MB/1.6 GB
[INFO]	Files: 1779/3346 | Blocks: 3865/7657 | Size: 673.3 MB/1.6 GB
[INFO]	Files: 1791/3346 | Blocks: 3889/7657 | Size: 677.3 MB/1.6 GB
[INFO]	Files: 1798/3346 | Blocks: 3907/7657 | Size: 682.7 MB/1.6 GB
[INFO]	Files: 1804/3346 | Blocks: 3919/7657 | Size: 685.0 MB/1.6 GB
[INFO]	Files: 1816/3346 | Blocks: 3945/7657 | Size: 690.8 MB/1.6 GB
[INFO]	Files: 1824/3346 | Blocks: 3961/7657 | Size: 692.5 MB/1.6 GB
[INFO]	Files: 1834/3346 | Blocks: 3997/7657 | Size: 710.8 MB/1.6 GB
[INFO]	Files: 1845/3346 | Blocks: 4026/7657 | Size: 720.4 MB/1.6 GB
[INFO]	Files: 1862/3346 | Blocks: 4061/7657 | Size: 726.1 MB/1.6 GB
[INFO]	Files: 1878/3346 | Blocks: 4094/7657 | Size: 730.6 MB/1.6 GB
[INFO]	Files: 1890/3346 | Blocks: 4119/7657 | Size: 734.5 MB/1.6 GB
[INFO]	Files: 1908/3346 | Blocks: 4158/7657 | Size: 741.8 MB/1.6 GB
[INFO]	Files: 1922/3346 | Blocks: 4186/7657 | Size: 744.9 MB/1.6 GB
[INFO]	Files: 1940/3346 | Blocks: 4222/7657 | Size: 748.7 MB/1.6 GB
[INFO]	Files: 1959/3346 | Blocks: 4261/7657 | Size: 754.2 MB/1.6 GB
[INFO]	Files: 1972/3346 | Blocks: 4287/7657 | Size: 757.0 MB/1.6 GB
[INFO]	Files: 1986/3346 | Blocks: 4315/7657 | Size: 760.0 MB/1.6 GB
[INFO]	Files: 2003/3346 | Blocks: 4350/7657 | Size: 764.8 MB/1.6 GB
[INFO]	Files: 2021/3346 | Blocks: 4386/7657 | Size: 768.6 MB/1.6 GB
[TASK]	Starting Server
[TASK]	Creating Service with address localhost:5000
[TASK]	Starting Director service
[INFO]	Serving service on address localhost:5000
[TASK]	Starting director services
[TASK]	Initializing Remote Clouds
[TASK]	Reading Recovery JSON
[TASK]	Queueing recovery jnak416t
[TASK]	Starting recovery picker
[TASK]	Starting recovery workers creator
[INFO]	Setting output file (for recovery) to ./Morocco's Custom.crrespaldo@vyv-dsd.cl.No-matter.C.log
[INFO]	Recovery jnak416t worker is waiting to start!
[INFO]	Starting recovery jnak416t
[INFO]	Files: 0/0 | Blocks: 0/0 | Size: 0 b/0 b
[INFO]	Files: 0/0 | Blocks: 0/0 | Size: 0 b/0 b
[INFO]	Files: 0/0 | Blocks: 0/0 | Size: 0 b/0 b
[INFO]	Files: 0/0 | Blocks: 0/0 | Size: 0 b/0 b
[INFO]	Files: 0/0 | Blocks: 0/0 | Size: 0 b/0 b
[INFO]	Files: 0/53 | Blocks: 0/135 | Size: 0 b/38.5 MB
[INFO]	Files: 0/149 | Blocks: 0/339 | Size: 0 b/67.5 MB
[INFO]	Files: 0/387 | Blocks: 0/872 | Size: 0 b/169.4 MB
[INFO]	Files: 0/468 | Blocks: 0/1052 | Size: 0 b/208.1 MB
[INFO]	Files: 0/1059 | Blocks: 0/2326 | Size: 0 b/392.7 MB
[INFO]	Files: 0/1110 | Blocks: 0/2428 | Size: 0 b/410.5 MB
[INFO]	Files: 0/1633 | Blocks: 0/3628 | Size: 0 b/699.3 MB
[INFO]	Files: 0/1709 | Blocks: 0/3794 | Size: 0 b/728.7 MB
[INFO]	Files: 0/2083 | Blocks: 0/5045 | Size: 0 b/1.3 GB
[INFO]	Files: 0/2083 | Blocks: 0/5045 | Size: 0 b/1.3 GB
[INFO]	Files: 0/2083 | Blocks: 0/5045 | Size: 0 b/1.3 GB
[INFO]	Files: 0/2083 | Blocks: 0/5045 | Size: 0 b/1.3 GB
[INFO]	Files: 0/2083 | Blocks: 0/5045 | Size: 0 b/1.3 GB
[INFO]	Files: 0/2083 | Blocks: 0/5045 | Size: 0 b/1.3 GB
[INFO]	Files: 0/2083 | Blocks: 0/5045 | Size: 0 b/1.3 GB
[INFO]	Files: 0/2140 | Blocks: 0/5169 | Size: 0 b/1.3 GB
[INFO]	Files: 0/2140 | Blocks: 0/5169 | Size: 0 b/1.3 GB
[INFO]	Files: 0/2241 | Blocks: 0/5403 | Size: 0 b/1.4 GB
[INFO]	Files: 0/2241 | Blocks: 0/5403 | Size: 0 b/1.4 GB
[INFO]	Files: 0/2363 | Blocks: 0/5660 | Size: 0 b/1.4 GB
[INFO]	Files: 0/2368 | Blocks: 0/5676 | Size: 0 b/1.4 GB
[INFO]	Files: 0/2368 | Blocks: 0/5676 | Size: 0 b/1.4 GB
[INFO]	Files: 0/2368 | Blocks: 0/5676 | Size: 0 b/1.4 GB
[INFO]	Files: 0/2368 | Blocks: 0/5676 | Size: 0 b/1.4 GB
[INFO]	Files: 0/2368 | Blocks: 0/5676 | Size: 0 b/1.4 GB
[INFO]	Files: 0/2368 | Blocks: 0/5676 | Size: 0 b/1.4 GB
[INFO]	Files: 0/3326 | Blocks: 0/7617 | Size: 0 b/1.6 GB
[INFO]	Files: 0/3346 | Blocks: 0/7657 | Size: 0 b/1.6 GB
[INFO]	Files: 0/3346 | Blocks: 0/7657 | Size: 0 b/1.6 GB
[INFO]	Files: 0/3346 | Blocks: 0/7657 | Size: 0 b/1.6 GB
[INFO]	Files: 0/3346 | Blocks: 0/7657 | Size: 0 b/1.6 GB
[INFO]	Writting files to /Users/morocco/Documents/TestRecovery/Morocco's Custom/crrespaldo@vyv-dsd.cl/No-matter/c:
[INFO]	Files: 0/3346 | Blocks: 0/7657 | Size: 0 b/1.6 GB
[INFO]	Files: 25/3346 | Blocks: 50/7657 | Size: 1.1 MB/1.6 GB
[INFO]	Files: 54/3346 | Blocks: 108/7657 | Size: 5.2 MB/1.6 GB
[INFO]	Files: 68/3346 | Blocks: 137/7657 | Size: 8.1 MB/1.6 GB
[INFO]	Files: 80/3346 | Blocks: 162/7657 | Size: 10.8 MB/1.6 GB
[INFO]	Files: 104/3346 | Blocks: 212/7657 | Size: 18.3 MB/1.6 GB
[INFO]	Files: 141/3346 | Blocks: 288/7657 | Size: 24.8 MB/1.6 GB
[INFO]	Files: 179/3346 | Blocks: 365/7657 | Size: 30.1 MB/1.6 GB
[INFO]	Files: 209/3346 | Blocks: 426/7657 | Size: 35.0 MB/1.6 GB
[INFO]	Files: 224/3346 | Blocks: 459/7657 | Size: 41.5 MB/1.6 GB
[INFO]	Files: 240/3346 | Blocks: 492/7657 | Size: 45.7 MB/1.6 GB
[INFO]	Files: 272/3346 | Blocks: 558/7657 | Size: 54.7 MB/1.6 GB
[INFO]	Files: 281/3346 | Blocks: 577/7657 | Size: 57.2 MB/1.6 GB
[INFO]	Files: 281/3346 | Blocks: 577/7657 | Size: 57.2 MB/1.6 GB
[INFO]	Files: 282/3346 | Blocks: 579/7657 | Size: 57.3 MB/1.6 GB
[INFO]	Files: 302/3346 | Blocks: 619/7657 | Size: 62.0 MB/1.6 GB
[INFO]	Files: 330/3346 | Blocks: 675/7657 | Size: 66.7 MB/1.6 GB
[INFO]	Files: 336/3346 | Blocks: 688/7657 | Size: 71.0 MB/1.6 GB
[INFO]	Files: 368/3346 | Blocks: 754/7657 | Size: 79.7 MB/1.6 GB
[INFO]	Files: 451/3346 | Blocks: 921/7657 | Size: 89.7 MB/1.6 GB
[INFO]	Files: 475/3346 | Blocks: 971/7657 | Size: 92.8 MB/1.6 GB
[INFO]	Files: 483/3346 | Blocks: 987/7657 | Size: 95.9 MB/1.6 GB
[INFO]	Files: 492/3346 | Blocks: 1009/7657 | Size: 104.4 MB/1.6 GB
[INFO]	Files: 505/3346 | Blocks: 1037/7657 | Size: 111.2 MB/1.6 GB
[INFO]	Files: 543/3346 | Blocks: 1114/7657 | Size: 118.5 MB/1.6 GB
[INFO]	Files: 555/3346 | Blocks: 1138/7657 | Size: 120.8 MB/1.6 GB
[INFO]	Files: 577/3346 | Blocks: 1182/7657 | Size: 126.9 MB/1.6 GB
[INFO]	Files: 603/3346 | Blocks: 1238/7657 | Size: 135.9 MB/1.6 GB
[INFO]	Files: 623/3346 | Blocks: 1278/7657 | Size: 137.5 MB/1.6 GB
[INFO]	Files: 640/3346 | Blocks: 1315/7657 | Size: 144.8 MB/1.6 GB
[INFO]	Files: 654/3346 | Blocks: 1345/7657 | Size: 150.2 MB/1.6 GB
[INFO]	Files: 657/3346 | Blocks: 1353/7657 | Size: 153.0 MB/1.6 GB
[INFO]	Files: 669/3346 | Blocks: 1378/7657 | Size: 157.4 MB/1.6 GB
[INFO]	Files: 675/3346 | Blocks: 1392/7657 | Size: 160.7 MB/1.6 GB
[INFO]	Files: 682/3346 | Blocks: 1406/7657 | Size: 162.8 MB/1.6 GB
[INFO]	Files: 694/3346 | Blocks: 1432/7657 | Size: 168.3 MB/1.6 GB
[INFO]	Files: 707/3346 | Blocks: 1461/7657 | Size: 176.2 MB/1.6 GB
[INFO]	Files: 719/3346 | Blocks: 1489/7657 | Size: 183.4 MB/1.6 GB
[INFO]	Files: 733/3346 | Blocks: 1517/7657 | Size: 187.3 MB/1.6 GB
[INFO]	Files: 749/3346 | Blocks: 1549/7657 | Size: 190.9 MB/1.6 GB
[INFO]	Files: 769/3346 | Blocks: 1590/7657 | Size: 197.5 MB/1.6 GB
[INFO]	Files: 786/3346 | Blocks: 1624/7657 | Size: 201.1 MB/1.6 GB
[INFO]	Files: 806/3346 | Blocks: 1664/7657 | Size: 206.3 MB/1.6 GB
[INFO]	Files: 828/3346 | Blocks: 1713/7657 | Size: 215.7 MB/1.6 GB
[INFO]	Files: 851/3346 | Blocks: 1761/7657 | Size: 222.7 MB/1.6 GB
[INFO]	Files: 867/3346 | Blocks: 1793/7657 | Size: 226.9 MB/1.6 GB
[INFO]	Files: 895/3346 | Blocks: 1855/7657 | Size: 239.0 MB/1.6 GB
[INFO]	Files: 912/3346 | Blocks: 1893/7657 | Size: 247.0 MB/1.6 GB
[INFO]	Files: 945/3346 | Blocks: 1964/7657 | Size: 259.3 MB/1.6 GB
[INFO]	Files: 969/3346 | Blocks: 2016/7657 | Size: 269.4 MB/1.6 GB
[INFO]	Files: 989/3346 | Blocks: 2057/7657 | Size: 274.7 MB/1.6 GB
[INFO]	Files: 1024/3346 | Blocks: 2127/7657 | Size: 282.4 MB/1.6 GB
[INFO]	Files: 1047/3346 | Blocks: 2175/7657 | Size: 289.2 MB/1.6 GB
[INFO]	Files: 1074/3346 | Blocks: 2229/7657 | Size: 294.7 MB/1.6 GB
[INFO]	Files: 1100/3346 | Blocks: 2281/7657 | Size: 300.0 MB/1.6 GB
[INFO]	Files: 1133/3346 | Blocks: 2347/7657 | Size: 307.0 MB/1.6 GB
[INFO]	Files: 1142/3346 | Blocks: 2365/7657 | Size: 309.1 MB/1.6 GB
[INFO]	Files: 1156/3346 | Blocks: 2394/7657 | Size: 313.7 MB/1.6 GB
[INFO]	Files: 1165/3346 | Blocks: 2412/7657 | Size: 314.9 MB/1.6 GB
[INFO]	Files: 1171/3346 | Blocks: 2424/7657 | Size: 315.6 MB/1.6 GB
[INFO]	Files: 1179/3346 | Blocks: 2441/7657 | Size: 318.1 MB/1.6 GB
[INFO]	Files: 1185/3346 | Blocks: 2454/7657 | Size: 319.9 MB/1.6 GB
[INFO]	Files: 1186/3346 | Blocks: 2456/7657 | Size: 320.2 MB/1.6 GB
[INFO]	Files: 1187/3346 | Blocks: 2458/7657 | Size: 320.5 MB/1.6 GB
[INFO]	Files: 1194/3346 | Blocks: 2473/7657 | Size: 323.4 MB/1.6 GB
[INFO]	Files: 1195/3346 | Blocks: 2478/7657 | Size: 327.1 MB/1.6 GB
[INFO]	Files: 1198/3346 | Blocks: 2488/7657 | Size: 332.7 MB/1.6 GB
[INFO]	Files: 1202/3346 | Blocks: 2501/7657 | Size: 340.0 MB/1.6 GB
[INFO]	Files: 1204/3346 | Blocks: 2505/7657 | Size: 340.7 MB/1.6 GB
[INFO]	Files: 1206/3346 | Blocks: 2509/7657 | Size: 342.0 MB/1.6 GB
[INFO]	Files: 1207/3346 | Blocks: 2511/7657 | Size: 342.3 MB/1.6 GB
[INFO]	Files: 1215/3346 | Blocks: 2529/7657 | Size: 347.3 MB/1.6 GB
[INFO]	Files: 1220/3346 | Blocks: 2544/7657 | Size: 353.1 MB/1.6 GB
[INFO]	Files: 1225/3346 | Blocks: 2554/7657 | Size: 353.5 MB/1.6 GB
[INFO]	Files: 1227/3346 | Blocks: 2558/7657 | Size: 354.0 MB/1.6 GB
[INFO]	Files: 1229/3346 | Blocks: 2562/7657 | Size: 354.8 MB/1.6 GB
[INFO]	Files: 1235/3346 | Blocks: 2579/7657 | Size: 362.8 MB/1.6 GB
[INFO]	Files: 1243/3346 | Blocks: 2601/7657 | Size: 370.0 MB/1.6 GB
[INFO]	Files: 1251/3346 | Blocks: 2623/7657 | Size: 378.1 MB/1.6 GB
[INFO]	Files: 1259/3346 | Blocks: 2641/7657 | Size: 382.1 MB/1.6 GB
[INFO]	Files: 1272/3346 | Blocks: 2674/7657 | Size: 390.2 MB/1.6 GB
[INFO]	Files: 1279/3346 | Blocks: 2688/7657 | Size: 390.8 MB/1.6 GB
[INFO]	Files: 1288/3346 | Blocks: 2715/7657 | Size: 402.3 MB/1.6 GB
[INFO]	Files: 1295/3346 | Blocks: 2732/7657 | Size: 407.1 MB/1.6 GB
[INFO]	Files: 1312/3346 | Blocks: 2777/7657 | Size: 421.5 MB/1.6 GB
[INFO]	Files: 1327/3346 | Blocks: 2820/7657 | Size: 437.4 MB/1.6 GB
[INFO]	Files: 1339/3346 | Blocks: 2846/7657 | Size: 441.1 MB/1.6 GB
[INFO]	Files: 1357/3346 | Blocks: 2882/7657 | Size: 444.8 MB/1.6 GB
[INFO]	Files: 1367/3346 | Blocks: 2911/7657 | Size: 457.3 MB/1.6 GB
[INFO]	Files: 1375/3346 | Blocks: 2929/7657 | Size: 459.9 MB/1.6 GB
[INFO]	Files: 1393/3346 | Blocks: 2970/7657 | Size: 467.9 MB/1.6 GB
[INFO]	Files: 1411/3346 | Blocks: 3012/7657 | Size: 479.0 MB/1.6 GB
[INFO]	Files: 1417/3346 | Blocks: 3038/7657 | Size: 494.7 MB/1.6 GB
[INFO]	Files: 1429/3346 | Blocks: 3064/7657 | Size: 500.7 MB/1.6 GB
[INFO]	Files: 1446/3346 | Blocks: 3098/7657 | Size: 504.6 MB/1.6 GB
[INFO]	Files: 1457/3346 | Blocks: 3121/7657 | Size: 508.2 MB/1.6 GB
[INFO]	Files: 1476/3346 | Blocks: 3168/7657 | Size: 520.2 MB/1.6 GB
[INFO]	Files: 1523/3346 | Blocks: 3262/7657 | Size: 525.4 MB/1.6 GB
[INFO]	Files: 1561/3346 | Blocks: 3338/7657 | Size: 526.5 MB/1.6 GB
[INFO]	Files: 1579/3346 | Blocks: 3375/7657 | Size: 529.4 MB/1.6 GB
[INFO]	Files: 1595/3346 | Blocks: 3411/7657 | Size: 534.7 MB/1.6 GB
[INFO]	Files: 1599/3346 | Blocks: 3420/7657 | Size: 538.4 MB/1.6 GB
[INFO]	Files: 1605/3346 | Blocks: 3432/7657 | Size: 541.9 MB/1.6 GB
[INFO]	Files: 1611/3346 | Blocks: 3455/7657 | Size: 555.9 MB/1.6 GB
[INFO]	Files: 1614/3346 | Blocks: 3461/7657 | Size: 558.0 MB/1.6 GB
[INFO]	Files: 1620/3346 | Blocks: 3474/7657 | Size: 561.4 MB/1.6 GB
[INFO]	Files: 1631/3346 | Blocks: 3497/7657 | Size: 566.4 MB/1.6 GB
[INFO]	Files: 1637/3346 | Blocks: 3509/7657 | Size: 567.7 MB/1.6 GB
[INFO]	Files: 1649/3346 | Blocks: 3535/7657 | Size: 573.2 MB/1.6 GB
[INFO]	Files: 1662/3346 | Blocks: 3567/7657 | Size: 584.8 MB/1.6 GB
[INFO]	Files: 1672/3346 | Blocks: 3590/7657 | Size: 588.9 MB/1.6 GB
[INFO]	Files: 1691/3346 | Blocks: 3631/7657 | Size: 596.9 MB/1.6 GB
[INFO]	Files: 1712/3346 | Blocks: 3686/7657 | Size: 613.8 MB/1.6 GB
[INFO]	Files: 1737/3346 | Blocks: 3739/7657 | Size: 620.9 MB/1.6 GB
[INFO]	Files: 1751/3346 | Blocks: 3767/7657 | Size: 622.1 MB/1.6 GB
[INFO]	Files: 1760/3346 | Blocks: 3789/7657 | Size: 628.7 MB/1.6 GB
[INFO]	Files: 1766/3346 | Blocks: 3804/7657 | Size: 635.0 MB/1.6 GB
[INFO]	Files: 1778/3346 | Blocks: 3835/7657 | Size: 644.4 MB/1.6 GB
[INFO]	Files: 1788/3346 | Blocks: 3857/7657 | Size: 649.4 MB/1.6 GB
[INFO]	Files: 1797/3346 | Blocks: 3885/7657 | Size: 662.0 MB/1.6 GB
[INFO]	Files: 1812/3346 | Blocks: 3915/7657 | Size: 665.6 MB/1.6 GB
[INFO]	Files: 1822/3346 | Blocks: 3936/7657 | Size: 669.0 MB/1.6 GB
[INFO]	Files: 1839/3346 | Blocks: 3971/7657 | Size: 674.5 MB/1.6 GB
[INFO]	Files: 1850/3346 | Blocks: 4001/7657 | Size: 685.2 MB/1.6 GB
[INFO]	Files: 1869/3346 | Blocks: 4040/7657 | Size: 690.3 MB/1.6 GB
[INFO]	Files: 1882/3346 | Blocks: 4066/7657 | Size: 693.9 MB/1.6 GB
[INFO]	Files: 1899/3346 | Blocks: 4100/7657 | Size: 697.9 MB/1.6 GB
[INFO]	Files: 1921/3346 | Blocks: 4146/7657 | Size: 705.0 MB/1.6 GB
[INFO]	Files: 1944/3346 | Blocks: 4197/7657 | Size: 714.7 MB/1.6 GB
[INFO]	Files: 1966/3346 | Blocks: 4241/7657 | Size: 719.9 MB/1.6 GB
[INFO]	Files: 1988/3346 | Blocks: 4290/7657 | Size: 730.0 MB/1.6 GB
[INFO]	Files: 2015/3346 | Blocks: 4351/7657 | Size: 743.4 MB/1.6 GB
[INFO]	Files: 2028/3346 | Blocks: 4377/7657 | Size: 746.2 MB/1.6 GB
[INFO]	Files: 2053/3346 | Blocks: 4427/7657 | Size: 751.2 MB/1.6 GB
[INFO]	Files: 2076/3346 | Blocks: 4491/7657 | Size: 774.1 MB/1.6 GB
[INFO]	Files: 2098/3346 | Blocks: 4535/7657 | Size: 778.6 MB/1.6 GB
[INFO]	Files: 2131/3346 | Blocks: 4619/7657 | Size: 804.1 MB/1.6 GB
[INFO]	Files: 2157/3346 | Blocks: 4671/7657 | Size: 809.2 MB/1.6 GB
[INFO]	Files: 2180/3346 | Blocks: 4717/7657 | Size: 814.5 MB/1.6 GB
[INFO]	Files: 2202/3346 | Blocks: 4761/7657 | Size: 819.1 MB/1.6 GB
[INFO]	Files: 2225/3346 | Blocks: 4812/7657 | Size: 829.0 MB/1.6 GB
[INFO]	Files: 2239/3346 | Blocks: 4845/7657 | Size: 838.2 MB/1.6 GB
[INFO]	Files: 2247/3346 | Blocks: 4861/7657 | Size: 839.5 MB/1.6 GB
[INFO]	Files: 2266/3346 | Blocks: 4905/7657 | Size: 848.4 MB/1.6 GB
[INFO]	Files: 2271/3346 | Blocks: 4915/7657 | Size: 849.1 MB/1.6 GB
[INFO]	Files: 2273/3346 | Blocks: 4919/7657 | Size: 849.9 MB/1.6 GB
[INFO]	Files: 2278/3346 | Blocks: 4929/7657 | Size: 851.6 MB/1.6 GB
[INFO]	Files: 2282/3346 | Blocks: 4937/7657 | Size: 853.9 MB/1.6 GB
[INFO]	Files: 2288/3346 | Blocks: 4957/7657 | Size: 864.6 MB/1.6 GB
[INFO]	Files: 2298/3346 | Blocks: 4981/7657 | Size: 871.6 MB/1.6 GB
[INFO]	Files: 2317/3346 | Blocks: 5019/7657 | Size: 874.3 MB/1.6 GB
[INFO]	Files: 2334/3346 | Blocks: 5053/7657 | Size: 878.5 MB/1.6 GB
[INFO]	Files: 2350/3346 | Blocks: 5089/7657 | Size: 883.9 MB/1.6 GB
[INFO]	Files: 2368/3346 | Blocks: 5131/7657 | Size: 892.6 MB/1.6 GB
[INFO]	Files: 2388/3346 | Blocks: 5172/7657 | Size: 896.7 MB/1.6 GB
[INFO]	Files: 2397/3346 | Blocks: 5190/7657 | Size: 898.0 MB/1.6 GB
[INFO]	Files: 2401/3346 | Blocks: 5198/7657 | Size: 899.1 MB/1.6 GB
[INFO]	Files: 2407/3346 | Blocks: 5210/7657 | Size: 900.7 MB/1.6 GB
[INFO]	Files: 2408/3346 | Blocks: 5212/7657 | Size: 901.0 MB/1.6 GB
[INFO]	Files: 2412/3346 | Blocks: 5223/7657 | Size: 905.5 MB/1.6 GB
[INFO]	Files: 2415/3346 | Blocks: 5231/7657 | Size: 908.5 MB/1.6 GB
[INFO]	Files: 2416/3346 | Blocks: 5233/7657 | Size: 909.0 MB/1.6 GB
[INFO]	Files: 2422/3346 | Blocks: 5256/7657 | Size: 922.6 MB/1.6 GB
[INFO]	Files: 2430/3346 | Blocks: 5280/7657 | Size: 931.9 MB/1.6 GB
[INFO]	Files: 2436/3346 | Blocks: 5295/7657 | Size: 936.7 MB/1.6 GB
[INFO]	Files: 2443/3346 | Blocks: 5310/7657 | Size: 940.5 MB/1.6 GB
[INFO]	Files: 2447/3346 | Blocks: 5318/7657 | Size: 941.4 MB/1.6 GB
[INFO]	Files: 2456/3346 | Blocks: 5349/7657 | Size: 956.7 MB/1.6 GB
[INFO]	Files: 2485/3346 | Blocks: 5418/7657 | Size: 969.4 MB/1.6 GB
[INFO]	Files: 2519/3346 | Blocks: 5493/7657 | Size: 980.0 MB/1.6 GB
[INFO]	Files: 2557/3346 | Blocks: 5577/7657 | Size: 989.6 MB/1.6 GB
[INFO]	Files: 2594/3346 | Blocks: 5656/7657 | Size: 995.7 MB/1.6 GB
[INFO]	Files: 2633/3346 | Blocks: 5738/7657 | Size: 1002.4 MB/1.6 GB
[INFO]	Files: 2677/3346 | Blocks: 5831/7657 | Size: 1009.1 MB/1.6 GB
[INFO]	Files: 2714/3346 | Blocks: 5915/7657 | Size: 1021.7 MB/1.6 GB
[INFO]	Files: 2735/3346 | Blocks: 5957/7657 | Size: 1022.0 MB/1.6 GB
[INFO]	Files: 2754/3346 | Blocks: 5994/7657 | Size: 1023.8 MB/1.6 GB (Errors:1)
[INFO]	Files: 2764/3346 | Blocks: 6015/7657 | Size: 1.0 GB/1.6 GB (Errors:1)
[INFO]	Files: 2785/3346 | Blocks: 6057/7657 | Size: 1.0 GB/1.6 GB (Errors:1)
[INFO]	Files: 2799/3346 | Blocks: 6087/7657 | Size: 1.0 GB/1.6 GB (Errors:1)
[INFO]	Files: 2804/3346 | Blocks: 6097/7657 | Size: 1.0 GB/1.6 GB (Errors:1)
[INFO]	Files: 2818/3346 | Blocks: 6125/7657 | Size: 1.0 GB/1.6 GB (Errors:1)
[INFO]	Files: 2823/3346 | Blocks: 6135/7657 | Size: 1.0 GB/1.6 GB (Errors:1)
[INFO]	Files: 2826/3346 | Blocks: 6150/7657 | Size: 1.0 GB/1.6 GB (Errors:1)
[INFO]	Files: 2832/3346 | Blocks: 6163/7657 | Size: 1.0 GB/1.6 GB (Errors:1)
[INFO]	Files: 2836/3346 | Blocks: 6179/7657 | Size: 1.0 GB/1.6 GB (Errors:1)
[INFO]	Files: 2841/3346 | Blocks: 6189/7657 | Size: 1.0 GB/1.6 GB (Errors:1)
[INFO]	Files: 2849/3346 | Blocks: 6207/7657 | Size: 1.0 GB/1.6 GB (Errors:1)
[INFO]	Files: 2863/3346 | Blocks: 6239/7657 | Size: 1.1 GB/1.6 GB (Errors:1)
[INFO]	Files: 2868/3346 | Blocks: 6250/7657 | Size: 1.1 GB/1.6 GB (Errors:1)
[INFO]	Files: 2872/3346 | Blocks: 6259/7657 | Size: 1.1 GB/1.6 GB (Errors:1)
[INFO]	Files: 2885/3346 | Blocks: 6286/7657 | Size: 1.1 GB/1.6 GB (Errors:1)
[INFO]	Files: 2889/3346 | Blocks: 6295/7657 | Size: 1.1 GB/1.6 GB (Errors:1)
[INFO]	Files: 2898/3346 | Blocks: 6313/7657 | Size: 1.1 GB/1.6 GB (Errors:1)
[INFO]	Files: 2902/3346 | Blocks: 6329/7657 | Size: 1.1 GB/1.6 GB (Errors:1)
[INFO]	Files: 2917/3346 | Blocks: 6370/7657 | Size: 1.1 GB/1.6 GB (Errors:1)
[INFO]	Files: 2928/3346 | Blocks: 6399/7657 | Size: 1.1 GB/1.6 GB (Errors:1)
[INFO]	Files: 2954/3346 | Blocks: 6457/7657 | Size: 1.1 GB/1.6 GB (Errors:1)
[INFO]	Files: 2973/3346 | Blocks: 6499/7657 | Size: 1.1 GB/1.6 GB (Errors:1)
[INFO]	Files: 2995/3346 | Blocks: 6547/7657 | Size: 1.1 GB/1.6 GB (Errors:1)
[INFO]	Files: 2999/3346 | Blocks: 6559/7657 | Size: 1.1 GB/1.6 GB (Errors:1)
[INFO]	Files: 3004/3346 | Blocks: 6570/7657 | Size: 1.1 GB/1.6 GB (Errors:1)
[INFO]	Files: 3016/3346 | Blocks: 6595/7657 | Size: 1.1 GB/1.6 GB (Errors:1)
[INFO]	Files: 3022/3346 | Blocks: 6612/7657 | Size: 1.2 GB/1.6 GB (Errors:1)
[INFO]	Files: 3027/3346 | Blocks: 6622/7657 | Size: 1.2 GB/1.6 GB (Errors:1)
[INFO]	Files: 3035/3346 | Blocks: 6646/7657 | Size: 1.2 GB/1.6 GB (Errors:1)
[INFO]	Files: 3040/3346 | Blocks: 6662/7657 | Size: 1.2 GB/1.6 GB (Errors:1)
[INFO]	Files: 3045/3346 | Blocks: 6672/7657 | Size: 1.2 GB/1.6 GB (Errors:1)
[INFO]	Files: 3054/3346 | Blocks: 6691/7657 | Size: 1.2 GB/1.6 GB (Errors:1)
[INFO]	Files: 3060/3346 | Blocks: 6705/7657 | Size: 1.2 GB/1.6 GB (Errors:1)
[INFO]	Files: 3067/3346 | Blocks: 6723/7657 | Size: 1.2 GB/1.6 GB (Errors:1)
[INFO]	Files: 3069/3346 | Blocks: 6733/7657 | Size: 1.2 GB/1.6 GB (Errors:1)
[INFO]	Files: 3076/3346 | Blocks: 6748/7657 | Size: 1.2 GB/1.6 GB (Errors:1)
[INFO]	Files: 3082/3346 | Blocks: 6772/7657 | Size: 1.2 GB/1.6 GB (Errors:1)
[INFO]	Files: 3092/3346 | Blocks: 6794/7657 | Size: 1.2 GB/1.6 GB (Errors:1)
[INFO]	Files: 3097/3346 | Blocks: 6804/7657 | Size: 1.2 GB/1.6 GB (Errors:1)
[INFO]	Files: 3104/3346 | Blocks: 6829/7657 | Size: 1.2 GB/1.6 GB (Errors:1)
[INFO]	Files: 3115/3346 | Blocks: 6854/7657 | Size: 1.2 GB/1.6 GB (Errors:1)
[INFO]	Files: 3124/3346 | Blocks: 6883/7657 | Size: 1.3 GB/1.6 GB (Errors:1)
[INFO]	Files: 3135/3346 | Blocks: 6905/7657 | Size: 1.3 GB/1.6 GB (Errors:1)
[INFO]	Files: 3140/3346 | Blocks: 6917/7657 | Size: 1.3 GB/1.6 GB (Errors:1)
[INFO]	Files: 3142/3346 | Blocks: 6921/7657 | Size: 1.3 GB/1.6 GB (Errors:1)
[INFO]	Files: 3145/3346 | Blocks: 6927/7657 | Size: 1.3 GB/1.6 GB (Errors:1)
[INFO]	Files: 3148/3346 | Blocks: 6936/7657 | Size: 1.3 GB/1.6 GB (Errors:1)
[INFO]	Files: 3151/3346 | Blocks: 6947/7657 | Size: 1.3 GB/1.6 GB (Errors:1)
[INFO]	Files: 3156/3346 | Blocks: 6958/7657 | Size: 1.3 GB/1.6 GB (Errors:1)
[INFO]	Files: 3165/3346 | Blocks: 6978/7657 | Size: 1.3 GB/1.6 GB (Errors:1)
[INFO]	Files: 3180/3346 | Blocks: 7009/7657 | Size: 1.3 GB/1.6 GB (Errors:1)
[INFO]	Files: 3193/3346 | Blocks: 7036/7657 | Size: 1.3 GB/1.6 GB (Errors:1)
[INFO]	Files: 3212/3346 | Blocks: 7077/7657 | Size: 1.3 GB/1.6 GB (Errors:1)
[INFO]	Files: 3218/3346 | Blocks: 7090/7657 | Size: 1.3 GB/1.6 GB (Errors:2)
[INFO]	Files: 3237/3346 | Blocks: 7132/7657 | Size: 1.3 GB/1.6 GB (Errors:2)
[INFO]	Files: 3262/3346 | Blocks: 7192/7657 | Size: 1.3 GB/1.6 GB (Errors:2)
[INFO]	Files: 3280/3346 | Blocks: 7238/7657 | Size: 1.3 GB/1.6 GB (Errors:2)
[INFO]	Files: 3287/3346 | Blocks: 7252/7657 | Size: 1.3 GB/1.6 GB (Errors:3)
[INFO]	Files: 3302/3346 | Blocks: 7291/7657 | Size: 1.3 GB/1.6 GB (Errors:10)
[INFO]	Files: 3308/3346 | Blocks: 7312/7657 | Size: 1.3 GB/1.6 GB (Errors:10)
[INFO]	Files: 3316/3346 | Blocks: 7349/7657 | Size: 1.4 GB/1.6 GB (Errors:10)
[INFO]	Files: 3317/3346 | Blocks: 7358/7657 | Size: 1.4 GB/1.6 GB (Errors:10)
[INFO]	Files: 3319/3346 | Blocks: 7369/7657 | Size: 1.4 GB/1.6 GB (Errors:10)
[INFO]	Files: 3322/3346 | Blocks: 7397/7657 | Size: 1.4 GB/1.6 GB (Errors:10)
[INFO]	Files: 3322/3346 | Blocks: 7397/7657 | Size: 1.4 GB/1.6 GB (Errors:10)
[INFO]	Files: 3325/3346 | Blocks: 7415/7657 | Size: 1.4 GB/1.6 GB (Errors:10)
[INFO]	Files: 3327/3346 | Blocks: 7429/7657 | Size: 1.4 GB/1.6 GB (Errors:10)
[INFO]	Files: 3329/3346 | Blocks: 7449/7657 | Size: 1.4 GB/1.6 GB (Errors:10)
[INFO]	Files: 3331/3346 | Blocks: 7463/7657 | Size: 1.5 GB/1.6 GB (Errors:10)
[INFO]	Files: 3331/3346 | Blocks: 7463/7657 | Size: 1.5 GB/1.6 GB (Errors:10)
[INFO]	Files: 3332/3346 | Blocks: 7480/7657 | Size: 1.5 GB/1.6 GB (Errors:10)
[INFO]	Files: 3333/3346 | Blocks: 7497/7657 | Size: 1.5 GB/1.6 GB (Errors:10)
[INFO]	Files: 3333/3346 | Blocks: 7497/7657 | Size: 1.5 GB/1.6 GB (Errors:10)
[INFO]	Files: 3333/3346 | Blocks: 7497/7657 | Size: 1.5 GB/1.6 GB (Errors:10)
[INFO]	Files: 3333/3346 | Blocks: 7497/7657 | Size: 1.5 GB/1.6 GB (Errors:10)
[INFO]	Files: 3334/3346 | Blocks: 7521/7657 | Size: 1.5 GB/1.6 GB (Errors:10)
[INFO]	Files: 3334/3346 | Blocks: 7521/7657 | Size: 1.5 GB/1.6 GB (Errors:10)
[INFO]	Files: 3334/3346 | Blocks: 7521/7657 | Size: 1.5 GB/1.6 GB (Errors:10)
[INFO]	Files: 3334/3346 | Blocks: 7521/7657 | Size: 1.5 GB/1.6 GB (Errors:10)
[INFO]	Files: 3334/3346 | Blocks: 7521/7657 | Size: 1.5 GB/1.6 GB (Errors:10)
[INFO]	Files: 3334/3346 | Blocks: 7521/7657 | Size: 1.5 GB/1.6 GB (Errors:10)
[INFO]	Files: 3334/3346 | Blocks: 7521/7657 | Size: 1.5 GB/1.6 GB (Errors:10)
[INFO]	Files: 3334/3346 | Blocks: 7521/7657 | Size: 1.5 GB/1.6 GB (Errors:10)
[INFO]	Files: 3334/3346 | Blocks: 7521/7657 | Size: 1.5 GB/1.6 GB (Errors:10)
[INFO]	Files: 3335/3346 | Blocks: 7579/7657 | Size: 1.6 GB/1.6 GB (Errors:10)
[INFO]	Total time 4m21s
[INFO]	Recovery finished in 4m57.738863283s
[INFO]	Files: 3336/3346 | Blocks: 7637/7657 | Size: 1.6 GB/1.6 GB (Errors:10)
[INFO]	Files: 3336/3346 | Blocks: 7637/7657 | Size: 1.6 GB/1.6 GB (Errors:10)
[INFO]	Files: 3336/3346 | Blocks: 7637/7657 | Size: 1.6 GB/1.6 GB (Errors:10)
[INFO]	Files: 3336/3346 | Blocks: 7637/7657 | Size: 1.6 GB/1.6 GB (Errors:10)
[INFO]	Files: 3336/3346 | Blocks: 7637/7657 | Size: 1.6 GB/1.6 GB (Errors:10)
[INFO]	Files: 3336/3346 | Blocks: 7637/7657 | Size: 1.6 GB/1.6 GB (Errors:10)
[INFO]	Files: 3336/3346 | Blocks: 7637/7657 | Size: 1.6 GB/1.6 GB (Errors:10)
[INFO]	Files: 3336/3346 | Blocks: 7637/7657 | Size: 1.6 GB/1.6 GB (Errors:10)
[INFO]	Files: 3336/3346 | Blocks: 7637/7657 | Size: 1.6 GB/1.6 GB (Errors:10)
[TASK]	Starting Server
[TASK]	Creating Service with address localhost:5000
[TASK]	Starting Director service
[TASK]	Starting director services
[TASK]	Initializing Remote Clouds
[TASK]	Reading Recovery JSON
[INFO]	Serving service on address localhost:5000
[TASK]	Queueing recovery jnak416t
[TASK]	Starting recovery picker
[TASK]	Starting recovery workers creator
[INFO]	Setting output file (for recovery) to ./Morocco's Custom.crrespaldo@vyv-dsd.cl.No-matter.C.log
[INFO]	Recovery jnak416t worker is waiting to start!
[INFO]	Starting recovery jnak416t
[INFO]	Files: 0/0 | Blocks: 0/0 | Size: 0 b/0 b
[INFO]	Files: 0/0 | Blocks: 0/0 | Size: 0 b/0 b
[INFO]	Files: 0/0 | Blocks: 0/0 | Size: 0 b/0 b
[INFO]	Files: 0/0 | Blocks: 0/0 | Size: 0 b/0 b
[INFO]	Files: 0/0 | Blocks: 0/0 | Size: 0 b/0 b
[INFO]	Files: 0/53 | Blocks: 0/135 | Size: 0 b/38.5 MB
[INFO]	Files: 0/149 | Blocks: 0/339 | Size: 0 b/67.5 MB
[INFO]	Files: 0/385 | Blocks: 0/871 | Size: 0 b/174.4 MB
[INFO]	Files: 0/468 | Blocks: 0/1052 | Size: 0 b/208.1 MB
[INFO]	Files: 0/1059 | Blocks: 0/2326 | Size: 0 b/392.7 MB
[INFO]	Files: 0/1267 | Blocks: 0/2801 | Size: 0 b/506.3 MB
[INFO]	Files: 0/1633 | Blocks: 0/3628 | Size: 0 b/699.3 MB
[INFO]	Files: 0/1839 | Blocks: 0/4199 | Size: 0 b/904.8 MB
[INFO]	Files: 0/2083 | Blocks: 0/5045 | Size: 0 b/1.3 GB
[INFO]	Files: 0/2083 | Blocks: 0/5045 | Size: 0 b/1.3 GB
[INFO]	Files: 0/2083 | Blocks: 0/5045 | Size: 0 b/1.3 GB
[INFO]	Files: 0/2083 | Blocks: 0/5045 | Size: 0 b/1.3 GB
[INFO]	Files: 0/2083 | Blocks: 0/5045 | Size: 0 b/1.3 GB
[INFO]	Files: 0/2083 | Blocks: 0/5045 | Size: 0 b/1.3 GB
[INFO]	Files: 0/2083 | Blocks: 0/5045 | Size: 0 b/1.3 GB
[INFO]	Files: 0/2096 | Blocks: 0/5080 | Size: 0 b/1.3 GB
[INFO]	Files: 0/2096 | Blocks: 0/5080 | Size: 0 b/1.3 GB
[INFO]	Files: 0/2210 | Blocks: 0/5331 | Size: 0 b/1.3 GB
[INFO]	Files: 0/2210 | Blocks: 0/5331 | Size: 0 b/1.3 GB
[INFO]	Files: 0/2211 | Blocks: 0/5333 | Size: 0 b/1.3 GB
[INFO]	Files: 0/2368 | Blocks: 0/5676 | Size: 0 b/1.4 GB
[INFO]	Files: 0/2368 | Blocks: 0/5676 | Size: 0 b/1.4 GB
[INFO]	Files: 0/2368 | Blocks: 0/5676 | Size: 0 b/1.4 GB
[INFO]	Files: 0/2368 | Blocks: 0/5676 | Size: 0 b/1.4 GB
[INFO]	Files: 0/3326 | Blocks: 0/7617 | Size: 0 b/1.6 GB
[INFO]	Files: 0/3346 | Blocks: 0/7657 | Size: 0 b/1.6 GB
[INFO]	Files: 0/3346 | Blocks: 0/7657 | Size: 0 b/1.6 GB
[INFO]	Files: 0/3346 | Blocks: 0/7657 | Size: 0 b/1.6 GB
[INFO]	Files: 0/3346 | Blocks: 0/7657 | Size: 0 b/1.6 GB
[INFO]	Writting files to /Users/morocco/Documents/TestRecovery/Morocco's Custom/crrespaldo@vyv-dsd.cl/No-matter/c:
[INFO]	Files: 3334/3346 | Blocks: 7633/7657 | Size: 1.6 GB/1.6 GB
[INFO]	Recovery finished in 34s
[INFO]	Files: 3336/3346 | Blocks: 7637/7657 | Size: 1.6 GB/1.6 GB (Errors:10)
[INFO]	Files: 3336/3346 | Blocks: 7637/7657 | Size: 1.6 GB/1.6 GB (Errors:10)
[INFO]	Files: 3336/3346 | Blocks: 7637/7657 | Size: 1.6 GB/1.6 GB (Errors:10)
[INFO]	Files: 3336/3346 | Blocks: 7637/7657 | Size: 1.6 GB/1.6 GB (Errors:10)
[INFO]	Files: 3336/3346 | Blocks: 7637/7657 | Size: 1.6 GB/1.6 GB (Errors:10)
[TASK]	Starting Server
[TASK]	Creating Service with address localhost:5000
[TASK]	Starting Director service
[TASK]	Starting director services
[TASK]	Initializing Remote Clouds
[INFO]	Serving service on address localhost:5000
[TASK]	Reading Recovery JSON
[TASK]	Queueing recovery jnak416t
[TASK]	Starting recovery picker
[TASK]	Starting recovery workers creator
[INFO]	Setting output file (for recovery) to ./Morocco's Custom.crrespaldo@vyv-dsd.cl.No-matter.C.log
[INFO]	Recovery jnak416t worker is waiting to start!
[INFO]	Starting recovery jnak416t
[INFO]	Files: 0/0 | Blocks: 0/0 | Size: 0 b/0 b
[INFO]	Files: 0/0 | Blocks: 0/0 | Size: 0 b/0 b
[INFO]	Files: 0/0 | Blocks: 0/0 | Size: 0 b/0 b
[INFO]	Files: 0/0 | Blocks: 0/0 | Size: 0 b/0 b
[INFO]	Files: 0/0 | Blocks: 0/0 | Size: 0 b/0 b
[INFO]	Files: 0/53 | Blocks: 0/135 | Size: 0 b/38.5 MB
[INFO]	Files: 0/149 | Blocks: 0/339 | Size: 0 b/67.5 MB
[INFO]	Files: 0/422 | Blocks: 0/945 | Size: 0 b/176.7 MB
[INFO]	Files: 0/468 | Blocks: 0/1052 | Size: 0 b/208.1 MB
[INFO]	Files: 0/1059 | Blocks: 0/2326 | Size: 0 b/392.7 MB
[INFO]	Files: 0/1350 | Blocks: 0/2978 | Size: 0 b/549.0 MB
[INFO]	Files: 0/1633 | Blocks: 0/3628 | Size: 0 b/699.3 MB
[INFO]	Files: 0/1803 | Blocks: 0/4028 | Size: 0 b/793.5 MB
[INFO]	Files: 0/2083 | Blocks: 0/5045 | Size: 0 b/1.3 GB
[INFO]	Files: 0/2150 | Blocks: 0/5204 | Size: 0 b/1.3 GB
[INFO]	Files: 0/2150 | Blocks: 0/5204 | Size: 0 b/1.3 GB
[INFO]	Files: 0/2203 | Blocks: 0/5314 | Size: 0 b/1.3 GB
[INFO]	Files: 0/2209 | Blocks: 0/5331 | Size: 0 b/1.3 GB
[INFO]	Files: 0/2214 | Blocks: 0/5342 | Size: 0 b/1.3 GB
[INFO]	Files: 0/2368 | Blocks: 0/5676 | Size: 0 b/1.4 GB
[INFO]	Files: 0/2368 | Blocks: 0/5676 | Size: 0 b/1.4 GB
[INFO]	Files: 0/3326 | Blocks: 0/7617 | Size: 0 b/1.6 GB
[INFO]	Files: 0/3346 | Blocks: 0/7657 | Size: 0 b/1.6 GB
[INFO]	Files: 0/3346 | Blocks: 0/7657 | Size: 0 b/1.6 GB
[INFO]	Files: 0/3346 | Blocks: 0/7657 | Size: 0 b/1.6 GB
[INFO]	Files: 0/3346 | Blocks: 0/7657 | Size: 0 b/1.6 GB
[INFO]	Writting files to /Users/morocco/Documents/TestRecovery/Morocco's Custom/crrespaldo@vyv-dsd.cl/No-matter/c:
[INFO]	Files: 18/3346 | Blocks: 36/7657 | Size: 639.2 KB/1.6 GB
[INFO]	Files: 37/3346 | Blocks: 74/7657 | Size: 2.2 MB/1.6 GB
[INFO]	Files: 65/3346 | Blocks: 130/7657 | Size: 7.1 MB/1.6 GB
[INFO]	Files: 79/3346 | Blocks: 158/7657 | Size: 11.8 MB/1.6 GB
[INFO]	Files: 111/3346 | Blocks: 222/7657 | Size: 17.1 MB/1.6 GB
[INFO]	Files: 141/3346 | Blocks: 283/7657 | Size: 23.0 MB/1.6 GB
[INFO]	Files: 173/3346 | Blocks: 348/7657 | Size: 26.9 MB/1.6 GB
[INFO]	Files: 201/3346 | Blocks: 404/7657 | Size: 29.3 MB/1.6 GB
[INFO]	Files: 217/3346 | Blocks: 436/7657 | Size: 30.7 MB/1.6 GB
[INFO]	Files: 232/3346 | Blocks: 468/7657 | Size: 36.3 MB/1.6 GB
[INFO]	Files: 250/3346 | Blocks: 504/7657 | Size: 40.6 MB/1.6 GB
[INFO]	Files: 276/3346 | Blocks: 561/7657 | Size: 51.3 MB/1.6 GB
[INFO]	Files: 288/3346 | Blocks: 589/7657 | Size: 58.9 MB/1.6 GB
[INFO]	Files: 320/3346 | Blocks: 655/7657 | Size: 67.0 MB/1.6 GB
[INFO]	Files: 333/3346 | Blocks: 681/7657 | Size: 68.9 MB/1.6 GB
[INFO]	Files: 343/3346 | Blocks: 701/7657 | Size: 72.3 MB/1.6 GB
[INFO]	Files: 372/3346 | Blocks: 761/7657 | Size: 78.8 MB/1.6 GB
[INFO]	Files: 431/3346 | Blocks: 884/7657 | Size: 90.5 MB/1.6 GB
[INFO]	Files: 465/3346 | Blocks: 954/7657 | Size: 95.4 MB/1.6 GB
[INFO]	Files: 480/3346 | Blocks: 984/7657 | Size: 96.8 MB/1.6 GB
[INFO]	Files: 482/3346 | Blocks: 988/7657 | Size: 98.2 MB/1.6 GB
[INFO]	Files: 489/3346 | Blocks: 1005/7657 | Size: 104.7 MB/1.6 GB
[INFO]	Files: 510/3346 | Blocks: 1047/7657 | Size: 112.7 MB/1.6 GB
[INFO]	Files: 539/3346 | Blocks: 1107/7657 | Size: 118.3 MB/1.6 GB
[INFO]	Files: 552/3346 | Blocks: 1134/7657 | Size: 122.1 MB/1.6 GB
[INFO]	Files: 566/3346 | Blocks: 1164/7657 | Size: 128.7 MB/1.6 GB
[INFO]	Files: 592/3346 | Blocks: 1219/7657 | Size: 137.4 MB/1.6 GB
[INFO]	Files: 614/3346 | Blocks: 1263/7657 | Size: 140.7 MB/1.6 GB
[INFO]	Files: 633/3346 | Blocks: 1301/7657 | Size: 144.7 MB/1.6 GB
[INFO]	Files: 646/3346 | Blocks: 1329/7657 | Size: 150.6 MB/1.6 GB
[INFO]	Files: 658/3346 | Blocks: 1353/7657 | Size: 153.3 MB/1.6 GB
[INFO]	Files: 664/3346 | Blocks: 1365/7657 | Size: 155.9 MB/1.6 GB
[INFO]	Files: 674/3346 | Blocks: 1385/7657 | Size: 158.4 MB/1.6 GB
[INFO]	Files: 685/3346 | Blocks: 1412/7657 | Size: 167.8 MB/1.6 GB
[INFO]	Files: 690/3346 | Blocks: 1422/7657 | Size: 169.7 MB/1.6 GB
[INFO]	Files: 702/3346 | Blocks: 1452/7657 | Size: 179.5 MB/1.6 GB
[INFO]	Files: 718/3346 | Blocks: 1485/7657 | Size: 184.0 MB/1.6 GB
[INFO]	Files: 740/3346 | Blocks: 1537/7657 | Size: 197.5 MB/1.6 GB
[INFO]	Files: 757/3346 | Blocks: 1575/7657 | Size: 205.5 MB/1.6 GB
[INFO]	Files: 775/3346 | Blocks: 1611/7657 | Size: 209.7 MB/1.6 GB
[INFO]	Files: 798/3346 | Blocks: 1658/7657 | Size: 216.0 MB/1.6 GB
[INFO]	Files: 815/3346 | Blocks: 1692/7657 | Size: 219.7 MB/1.6 GB
[INFO]	Files: 839/3346 | Blocks: 1740/7657 | Size: 224.8 MB/1.6 GB
[INFO]	Files: 861/3346 | Blocks: 1785/7657 | Size: 231.3 MB/1.6 GB
[INFO]	Files: 878/3346 | Blocks: 1821/7657 | Size: 237.6 MB/1.6 GB
[INFO]	Files: 898/3346 | Blocks: 1861/7657 | Size: 241.8 MB/1.6 GB
[INFO]	Files: 921/3346 | Blocks: 1909/7657 | Size: 248.6 MB/1.6 GB
[INFO]	Files: 947/3346 | Blocks: 1961/7657 | Size: 253.8 MB/1.6 GB
[INFO]	Files: 977/3346 | Blocks: 2021/7657 | Size: 259.9 MB/1.6 GB
[INFO]	Files: 1005/3346 | Blocks: 2080/7657 | Size: 269.3 MB/1.6 GB
[INFO]	Files: 1028/3346 | Blocks: 2126/7657 | Size: 274.0 MB/1.6 GB
[INFO]	Files: 1055/3346 | Blocks: 2180/7657 | Size: 279.6 MB/1.6 GB
[INFO]	Files: 1085/3346 | Blocks: 2240/7657 | Size: 285.9 MB/1.6 GB
[INFO]	Files: 1110/3346 | Blocks: 2290/7657 | Size: 291.0 MB/1.6 GB
[INFO]	Files: 1129/3346 | Blocks: 2328/7657 | Size: 295.1 MB/1.6 GB
[INFO]	Files: 1140/3346 | Blocks: 2350/7657 | Size: 297.7 MB/1.6 GB
[INFO]	Files: 1148/3346 | Blocks: 2366/7657 | Size: 298.5 MB/1.6 GB
[INFO]	Files: 1155/3346 | Blocks: 2380/7657 | Size: 300.2 MB/1.6 GB
[INFO]	Files: 1164/3346 | Blocks: 2398/7657 | Size: 301.3 MB/1.6 GB
[INFO]	Files: 1169/3346 | Blocks: 2408/7657 | Size: 302.5 MB/1.6 GB
[INFO]	Files: 1176/3346 | Blocks: 2431/7657 | Size: 313.3 MB/1.6 GB
[INFO]	Files: 1182/3346 | Blocks: 2444/7657 | Size: 315.4 MB/1.6 GB
[INFO]	Files: 1186/3346 | Blocks: 2455/7657 | Size: 319.9 MB/1.6 GB
[INFO]	Files: 1190/3346 | Blocks: 2464/7657 | Size: 322.4 MB/1.6 GB
[INFO]	Files: 1195/3346 | Blocks: 2483/7657 | Size: 332.2 MB/1.6 GB
[INFO]	Files: 1196/3346 | Blocks: 2485/7657 | Size: 332.5 MB/1.6 GB
[INFO]	Files: 1199/3346 | Blocks: 2491/7657 | Size: 333.8 MB/1.6 GB
[INFO]	Files: 1200/3346 | Blocks: 2493/7657 | Size: 334.3 MB/1.6 GB
[INFO]	Files: 1202/3346 | Blocks: 2499/7657 | Size: 337.2 MB/1.6 GB
[INFO]	Files: 1205/3346 | Blocks: 2509/7657 | Size: 343.1 MB/1.6 GB
[INFO]	Files: 1209/3346 | Blocks: 2523/7657 | Size: 350.7 MB/1.6 GB
[INFO]	Files: 1218/3346 | Blocks: 2549/7657 | Size: 360.7 MB/1.6 GB
[INFO]	Files: 1226/3346 | Blocks: 2565/7657 | Size: 362.1 MB/1.6 GB
[INFO]	Files: 1228/3346 | Blocks: 2578/7657 | Size: 371.5 MB/1.6 GB
[INFO]	Files: 1231/3346 | Blocks: 2589/7657 | Size: 377.4 MB/1.6 GB
[INFO]	Files: 1238/3346 | Blocks: 2607/7657 | Size: 384.6 MB/1.6 GB
[INFO]	Files: 1242/3346 | Blocks: 2617/7657 | Size: 387.1 MB/1.6 GB
[INFO]	Files: 1247/3346 | Blocks: 2627/7657 | Size: 387.6 MB/1.6 GB
[INFO]	Files: 1251/3346 | Blocks: 2637/7657 | Size: 390.9 MB/1.6 GB
[INFO]	Files: 1259/3346 | Blocks: 2664/7657 | Size: 403.1 MB/1.6 GB
[INFO]	Files: 1270/3346 | Blocks: 2686/7657 | Size: 404.2 MB/1.6 GB
[INFO]	Files: 1281/3346 | Blocks: 2710/7657 | Size: 408.4 MB/1.6 GB
[INFO]	Files: 1293/3346 | Blocks: 2736/7657 | Size: 412.9 MB/1.6 GB
[INFO]	Files: 1306/3346 | Blocks: 2762/7657 | Size: 415.2 MB/1.6 GB
[INFO]	Files: 1318/3346 | Blocks: 2786/7657 | Size: 417.2 MB/1.6 GB
[INFO]	Files: 1333/3346 | Blocks: 2823/7657 | Size: 427.5 MB/1.6 GB
[INFO]	Files: 1348/3346 | Blocks: 2865/7657 | Size: 442.2 MB/1.6 GB
[INFO]	Files: 1356/3346 | Blocks: 2882/7657 | Size: 445.3 MB/1.6 GB
[INFO]	Files: 1363/3346 | Blocks: 2901/7657 | Size: 453.6 MB/1.6 GB
[INFO]	Files: 1380/3346 | Blocks: 2940/7657 | Size: 462.5 MB/1.6 GB
[INFO]	Files: 1402/3346 | Blocks: 2985/7657 | Size: 465.2 MB/1.6 GB
[INFO]	Files: 1411/3346 | Blocks: 3016/7657 | Size: 481.0 MB/1.6 GB
[INFO]	Files: 1420/3346 | Blocks: 3036/7657 | Size: 486.6 MB/1.6 GB
[INFO]	Files: 1438/3346 | Blocks: 3077/7657 | Size: 496.1 MB/1.6 GB
[INFO]	Files: 1458/3346 | Blocks: 3123/7657 | Size: 506.5 MB/1.6 GB
[INFO]	Files: 1478/3346 | Blocks: 3172/7657 | Size: 518.1 MB/1.6 GB
[INFO]	Files: 1513/3346 | Blocks: 3243/7657 | Size: 521.8 MB/1.6 GB
[INFO]	Files: 1548/3346 | Blocks: 3323/7657 | Size: 534.3 MB/1.6 GB
[INFO]	Files: 1570/3346 | Blocks: 3369/7657 | Size: 538.1 MB/1.6 GB
[INFO]	Files: 1591/3346 | Blocks: 3420/7657 | Size: 550.0 MB/1.6 GB
[INFO]	Files: 1602/3346 | Blocks: 3450/7657 | Size: 560.4 MB/1.6 GB
[INFO]	Files: 1607/3346 | Blocks: 3461/7657 | Size: 564.2 MB/1.6 GB
[INFO]	Files: 1614/3346 | Blocks: 3479/7657 | Size: 572.5 MB/1.6 GB
[INFO]	Files: 1619/3346 | Blocks: 3494/7657 | Size: 578.8 MB/1.6 GB
[INFO]	Files: 1634/3346 | Blocks: 3527/7657 | Size: 588.1 MB/1.6 GB
[INFO]	Files: 1641/3346 | Blocks: 3543/7657 | Size: 592.7 MB/1.6 GB
[INFO]	Files: 1657/3346 | Blocks: 3578/7657 | Size: 600.6 MB/1.6 GB
[INFO]	Files: 1675/3346 | Blocks: 3622/7657 | Size: 614.4 MB/1.6 GB
[INFO]	Files: 1700/3346 | Blocks: 3676/7657 | Size: 624.1 MB/1.6 GB
[INFO]	Files: 1721/3346 | Blocks: 3719/7657 | Size: 629.1 MB/1.6 GB
[INFO]	Files: 1747/3346 | Blocks: 3771/7657 | Size: 632.7 MB/1.6 GB
[INFO]	Files: 1761/3346 | Blocks: 3805/7657 | Size: 642.7 MB/1.6 GB
[INFO]	Files: 1766/3346 | Blocks: 3821/7657 | Size: 650.5 MB/1.6 GB
[INFO]	Files: 1779/3346 | Blocks: 3854/7657 | Size: 660.8 MB/1.6 GB
[INFO]	Files: 1785/3346 | Blocks: 3866/7657 | Size: 662.6 MB/1.6 GB
[INFO]	Files: 1789/3346 | Blocks: 3874/7657 | Size: 663.6 MB/1.6 GB
[INFO]	Files: 1803/3346 | Blocks: 3903/7657 | Size: 668.4 MB/1.6 GB
[INFO]	Files: 1815/3346 | Blocks: 3933/7657 | Size: 677.3 MB/1.6 GB
[INFO]	Files: 1828/3346 | Blocks: 3962/7657 | Size: 683.6 MB/1.6 GB
[INFO]	Files: 1850/3346 | Blocks: 4011/7657 | Size: 694.6 MB/1.6 GB
[INFO]	Files: 1869/3346 | Blocks: 4058/7657 | Size: 708.8 MB/1.6 GB
[INFO]	Files: 1886/3346 | Blocks: 4092/7657 | Size: 713.7 MB/1.6 GB
[INFO]	Files: 1911/3346 | Blocks: 4142/7657 | Size: 719.2 MB/1.6 GB
[INFO]	Files: 1924/3346 | Blocks: 4168/7657 | Size: 722.0 MB/1.6 GB
[INFO]	Files: 1944/3346 | Blocks: 4208/7657 | Size: 726.3 MB/1.6 GB
[INFO]	Files: 1967/3346 | Blocks: 4261/7657 | Size: 739.7 MB/1.6 GB
[INFO]	Files: 1996/3346 | Blocks: 4319/7657 | Size: 745.8 MB/1.6 GB
[INFO]	Files: 2014/3346 | Blocks: 4355/7657 | Size: 749.6 MB/1.6 GB
[INFO]	Files: 2042/3346 | Blocks: 4411/7657 | Size: 755.5 MB/1.6 GB
[INFO]	Files: 2067/3346 | Blocks: 4461/7657 | Size: 760.5 MB/1.6 GB
[INFO]	Files: 2093/3346 | Blocks: 4514/7657 | Size: 767.6 MB/1.6 GB
[INFO]	Files: 2116/3346 | Blocks: 4570/7657 | Size: 782.8 MB/1.6 GB
[INFO]	Files: 2145/3346 | Blocks: 4628/7657 | Size: 788.6 MB/1.6 GB
[INFO]	Files: 2168/3346 | Blocks: 4681/7657 | Size: 800.0 MB/1.6 GB
[INFO]	Files: 2194/3346 | Blocks: 4733/7657 | Size: 805.8 MB/1.6 GB
[INFO]	Files: 2222/3346 | Blocks: 4789/7657 | Size: 811.7 MB/1.6 GB
[INFO]	Files: 2242/3346 | Blocks: 4829/7657 | Size: 815.7 MB/1.6 GB
[INFO]	Files: 2248/3346 | Blocks: 4841/7657 | Size: 816.7 MB/1.6 GB
[INFO]	Files: 2264/3346 | Blocks: 4873/7657 | Size: 819.7 MB/1.6 GB
[INFO]	Files: 2270/3346 | Blocks: 4885/7657 | Size: 822.2 MB/1.6 GB
[INFO]	Files: 2273/3346 | Blocks: 4891/7657 | Size: 823.2 MB/1.6 GB
[INFO]	Files: 2276/3346 | Blocks: 4897/7657 | Size: 824.4 MB/1.6 GB
[INFO]	Files: 2279/3346 | Blocks: 4903/7657 | Size: 825.8 MB/1.6 GB
[INFO]	Files: 2286/3346 | Blocks: 4917/7657 | Size: 829.0 MB/1.6 GB
[INFO]	Files: 2291/3346 | Blocks: 4927/7657 | Size: 831.2 MB/1.6 GB
[INFO]	Files: 2300/3346 | Blocks: 4948/7657 | Size: 834.9 MB/1.6 GB
[INFO]	Files: 2320/3346 | Blocks: 4988/7657 | Size: 839.5 MB/1.6 GB
[INFO]	Files: 2334/3346 | Blocks: 5016/7657 | Size: 840.8 MB/1.6 GB
[INFO]	Files: 2340/3346 | Blocks: 5028/7657 | Size: 842.1 MB/1.6 GB
[INFO]	Files: 2358/3346 | Blocks: 5064/7657 | Size: 844.8 MB/1.6 GB
[INFO]	Files: 2376/3346 | Blocks: 5100/7657 | Size: 846.2 MB/1.6 GB
[INFO]	Files: 2384/3346 | Blocks: 5116/7657 | Size: 846.5 MB/1.6 GB
[INFO]	Files: 2391/3346 | Blocks: 5134/7657 | Size: 852.1 MB/1.6 GB
[INFO]	Files: 2394/3346 | Blocks: 5141/7657 | Size: 854.8 MB/1.6 GB
[INFO]	Files: 2395/3346 | Blocks: 5143/7657 | Size: 855.3 MB/1.6 GB
[INFO]	Files: 2396/3346 | Blocks: 5146/7657 | Size: 857.2 MB/1.6 GB
[INFO]	Files: 2401/3346 | Blocks: 5160/7657 | Size: 863.4 MB/1.6 GB
[INFO]	Files: 2408/3346 | Blocks: 5185/7657 | Size: 875.7 MB/1.6 GB
[INFO]	Files: 2410/3346 | Blocks: 5189/7657 | Size: 876.1 MB/1.6 GB
[INFO]	Files: 2413/3346 | Blocks: 5209/7657 | Size: 891.4 MB/1.6 GB
[INFO]	Files: 2417/3346 | Blocks: 5222/7657 | Size: 898.0 MB/1.6 GB
[INFO]	Files: 2420/3346 | Blocks: 5229/7657 | Size: 899.7 MB/1.6 GB
[INFO]	Files: 2424/3346 | Blocks: 5237/7657 | Size: 900.3 MB/1.6 GB
[INFO]	Files: 2428/3346 | Blocks: 5245/7657 | Size: 901.4 MB/1.6 GB
[INFO]	Files: 2432/3346 | Blocks: 5258/7657 | Size: 907.6 MB/1.6 GB
[INFO]	Files: 2433/3346 | Blocks: 5262/7657 | Size: 909.6 MB/1.6 GB
[INFO]	Files: 2440/3346 | Blocks: 5286/7657 | Size: 922.7 MB/1.6 GB
[INFO]	Files: 2441/3346 | Blocks: 5298/7657 | Size: 933.5 MB/1.6 GB
[INFO]	Files: 2452/3346 | Blocks: 5326/7657 | Size: 943.5 MB/1.6 GB
[INFO]	Files: 2471/3346 | Blocks: 5366/7657 | Size: 948.9 MB/1.6 GB
[INFO]	Files: 2502/3346 | Blocks: 5436/7657 | Size: 958.3 MB/1.6 GB
[INFO]	Files: 2548/3346 | Blocks: 5541/7657 | Size: 974.1 MB/1.6 GB
[INFO]	Files: 2594/3346 | Blocks: 5636/7657 | Size: 978.1 MB/1.6 GB
[INFO]	Files: 2648/3346 | Blocks: 5749/7657 | Size: 985.4 MB/1.6 GB
[INFO]	Files: 2684/3346 | Blocks: 5828/7657 | Size: 993.0 MB/1.6 GB
[INFO]	Files: 2713/3346 | Blocks: 5896/7657 | Size: 1003.9 MB/1.6 GB
[INFO]	Files: 2741/3346 | Blocks: 5957/7657 | Size: 1010.0 MB/1.6 GB (Errors:1)
[INFO]	Files: 2755/3346 | Blocks: 5986/7657 | Size: 1014.4 MB/1.6 GB (Errors:1)
[INFO]	Files: 2779/3346 | Blocks: 6048/7657 | Size: 1.0 GB/1.6 GB (Errors:1)
[INFO]	Files: 2792/3346 | Blocks: 6074/7657 | Size: 1.0 GB/1.6 GB (Errors:1)
[INFO]	Files: 2800/3346 | Blocks: 6092/7657 | Size: 1.0 GB/1.6 GB (Errors:1)
[INFO]	Files: 2812/3346 | Blocks: 6125/7657 | Size: 1.0 GB/1.6 GB (Errors:1)
[INFO]	Files: 2822/3346 | Blocks: 6151/7657 | Size: 1.0 GB/1.6 GB (Errors:1)
[INFO]	Files: 2828/3346 | Blocks: 6164/7657 | Size: 1.0 GB/1.6 GB (Errors:1)
[INFO]	Files: 2835/3346 | Blocks: 6178/7657 | Size: 1.0 GB/1.6 GB (Errors:1)
[INFO]	Files: 2841/3346 | Blocks: 6196/7657 | Size: 1.1 GB/1.6 GB (Errors:1)
[INFO]	Files: 2841/3346 | Blocks: 6196/7657 | Size: 1.1 GB/1.6 GB (Errors:1)
[INFO]	Files: 2852/3346 | Blocks: 6228/7657 | Size: 1.1 GB/1.6 GB (Errors:1)
[INFO]	Files: 2860/3346 | Blocks: 6249/7657 | Size: 1.1 GB/1.6 GB (Errors:1)
[INFO]	Files: 2866/3346 | Blocks: 6262/7657 | Size: 1.1 GB/1.6 GB (Errors:1)
[INFO]	Files: 2875/3346 | Blocks: 6291/7657 | Size: 1.1 GB/1.6 GB (Errors:1)
[INFO]	Files: 2884/3346 | Blocks: 6319/7657 | Size: 1.1 GB/1.6 GB (Errors:1)
[INFO]	Files: 2892/3346 | Blocks: 6335/7657 | Size: 1.1 GB/1.6 GB (Errors:1)
[INFO]	Files: 2903/3346 | Blocks: 6357/7657 | Size: 1.1 GB/1.6 GB (Errors:1)
[INFO]	Files: 2908/3346 | Blocks: 6367/7657 | Size: 1.1 GB/1.6 GB (Errors:1)
[INFO]	Files: 2922/3346 | Blocks: 6403/7657 | Size: 1.1 GB/1.6 GB (Errors:1)
[INFO]	Files: 2928/3346 | Blocks: 6416/7657 | Size: 1.1 GB/1.6 GB (Errors:1)
[INFO]	Files: 2942/3346 | Blocks: 6445/7657 | Size: 1.1 GB/1.6 GB (Errors:1)
[INFO]	Files: 2966/3346 | Blocks: 6503/7657 | Size: 1.1 GB/1.6 GB (Errors:1)
[INFO]	Files: 2995/3346 | Blocks: 6567/7657 | Size: 1.2 GB/1.6 GB (Errors:1)
[INFO]	Files: 3001/3346 | Blocks: 6584/7657 | Size: 1.2 GB/1.6 GB (Errors:1)
[INFO]	Files: 3008/3346 | Blocks: 6607/7657 | Size: 1.2 GB/1.6 GB (Errors:1)
[INFO]	Files: 3017/3346 | Blocks: 6625/7657 | Size: 1.2 GB/1.6 GB (Errors:1)
[INFO]	Files: 3027/3346 | Blocks: 6645/7657 | Size: 1.2 GB/1.6 GB (Errors:1)
[INFO]	Files: 3032/3346 | Blocks: 6656/7657 | Size: 1.2 GB/1.6 GB (Errors:1)
[INFO]	Files: 3036/3346 | Blocks: 6664/7657 | Size: 1.2 GB/1.6 GB (Errors:1)
[INFO]	Files: 3040/3346 | Blocks: 6674/7657 | Size: 1.2 GB/1.6 GB (Errors:1)
[INFO]	Files: 3043/3346 | Blocks: 6681/7657 | Size: 1.2 GB/1.6 GB (Errors:1)
[INFO]	Files: 3051/3346 | Blocks: 6702/7657 | Size: 1.2 GB/1.6 GB (Errors:1)
[INFO]	Files: 3060/3346 | Blocks: 6722/7657 | Size: 1.2 GB/1.6 GB (Errors:1)
[INFO]	Files: 3069/3346 | Blocks: 6744/7657 | Size: 1.2 GB/1.6 GB (Errors:1)
[INFO]	Files: 3076/3346 | Blocks: 6759/7657 | Size: 1.2 GB/1.6 GB (Errors:1)
[INFO]	Files: 3077/3346 | Blocks: 6761/7657 | Size: 1.2 GB/1.6 GB (Errors:1)
[INFO]	Files: 3085/3346 | Blocks: 6779/7657 | Size: 1.2 GB/1.6 GB (Errors:1)
[INFO]	Files: 3091/3346 | Blocks: 6795/7657 | Size: 1.2 GB/1.6 GB (Errors:1)
[INFO]	Files: 3096/3346 | Blocks: 6805/7657 | Size: 1.2 GB/1.6 GB (Errors:1)
[INFO]	Files: 3104/3346 | Blocks: 6821/7657 | Size: 1.2 GB/1.6 GB (Errors:1)
[INFO]	Files: 3110/3346 | Blocks: 6833/7657 | Size: 1.2 GB/1.6 GB (Errors:1)
[INFO]	Files: 3118/3346 | Blocks: 6859/7657 | Size: 1.2 GB/1.6 GB (Errors:1)
[INFO]	Files: 3131/3346 | Blocks: 6886/7657 | Size: 1.2 GB/1.6 GB (Errors:1)
[INFO]	Files: 3135/3346 | Blocks: 6894/7657 | Size: 1.2 GB/1.6 GB (Errors:1)
[INFO]	Files: 3143/3346 | Blocks: 6924/7657 | Size: 1.3 GB/1.6 GB (Errors:1)
[INFO]	Files: 3144/3346 | Blocks: 6926/7657 | Size: 1.3 GB/1.6 GB (Errors:1)
[INFO]	Files: 3146/3346 | Blocks: 6932/7657 | Size: 1.3 GB/1.6 GB (Errors:1)
[INFO]	Files: 3151/3346 | Blocks: 6952/7657 | Size: 1.3 GB/1.6 GB (Errors:1)
[INFO]	Files: 3153/3346 | Blocks: 6956/7657 | Size: 1.3 GB/1.6 GB (Errors:1)
[INFO]	Files: 3158/3346 | Blocks: 6966/7657 | Size: 1.3 GB/1.6 GB (Errors:1)
[INFO]	Files: 3167/3346 | Blocks: 6994/7657 | Size: 1.3 GB/1.6 GB (Errors:1)
[INFO]	Files: 3185/3346 | Blocks: 7032/7657 | Size: 1.3 GB/1.6 GB (Errors:1)
[INFO]	Files: 3213/3346 | Blocks: 7089/7657 | Size: 1.3 GB/1.6 GB (Errors:1)
[INFO]	Files: 3226/3346 | Blocks: 7125/7657 | Size: 1.3 GB/1.6 GB (Errors:1)
[INFO]	Files: 3250/3346 | Blocks: 7175/7657 | Size: 1.3 GB/1.6 GB (Errors:2)
[INFO]	Files: 3265/3346 | Blocks: 7206/7657 | Size: 1.3 GB/1.6 GB (Errors:2)
[INFO]	Files: 3278/3346 | Blocks: 7240/7657 | Size: 1.3 GB/1.6 GB (Errors:2)
[INFO]	Files: 3294/3346 | Blocks: 7284/7657 | Size: 1.3 GB/1.6 GB (Errors:7)
[INFO]	Files: 3305/3346 | Blocks: 7307/7657 | Size: 1.3 GB/1.6 GB (Errors:9)
[INFO]	Files: 3312/3346 | Blocks: 7338/7657 | Size: 1.4 GB/1.6 GB (Errors:10)
[INFO]	Files: 3315/3346 | Blocks: 7354/7657 | Size: 1.4 GB/1.6 GB (Errors:10)
[INFO]	Files: 3321/3346 | Blocks: 7378/7657 | Size: 1.4 GB/1.6 GB (Errors:10)
[INFO]	Files: 3321/3346 | Blocks: 7378/7657 | Size: 1.4 GB/1.6 GB (Errors:10)
[INFO]	Files: 3321/3346 | Blocks: 7378/7657 | Size: 1.4 GB/1.6 GB (Errors:10)
[INFO]	Files: 3324/3346 | Blocks: 7401/7657 | Size: 1.4 GB/1.6 GB (Errors:10)
[INFO]	Files: 3325/3346 | Blocks: 7410/7657 | Size: 1.4 GB/1.6 GB (Errors:10)
[INFO]	Files: 3326/3346 | Blocks: 7417/7657 | Size: 1.4 GB/1.6 GB (Errors:10)
[INFO]	Files: 3328/3346 | Blocks: 7431/7657 | Size: 1.4 GB/1.6 GB (Errors:10)
[INFO]	Files: 3329/3346 | Blocks: 7440/7657 | Size: 1.4 GB/1.6 GB (Errors:10)
[INFO]	Files: 3332/3346 | Blocks: 7480/7657 | Size: 1.5 GB/1.6 GB (Errors:10)
[INFO]	Files: 3332/3346 | Blocks: 7480/7657 | Size: 1.5 GB/1.6 GB (Errors:10)
[INFO]	Files: 3333/3346 | Blocks: 7497/7657 | Size: 1.5 GB/1.6 GB (Errors:10)
[INFO]	Files: 3333/3346 | Blocks: 7497/7657 | Size: 1.5 GB/1.6 GB (Errors:10)
[INFO]	Files: 3333/3346 | Blocks: 7497/7657 | Size: 1.5 GB/1.6 GB (Errors:10)
[INFO]	Files: 3333/3346 | Blocks: 7497/7657 | Size: 1.5 GB/1.6 GB (Errors:10)
[INFO]	Files: 3333/3346 | Blocks: 7497/7657 | Size: 1.5 GB/1.6 GB (Errors:10)
[INFO]	Files: 3333/3346 | Blocks: 7497/7657 | Size: 1.5 GB/1.6 GB (Errors:10)
[INFO]	Files: 3334/3346 | Blocks: 7521/7657 | Size: 1.5 GB/1.6 GB (Errors:10)
[INFO]	Files: 3334/3346 | Blocks: 7521/7657 | Size: 1.5 GB/1.6 GB (Errors:10)
[INFO]	Files: 3334/3346 | Blocks: 7521/7657 | Size: 1.5 GB/1.6 GB (Errors:10)
[INFO]	Files: 3334/3346 | Blocks: 7521/7657 | Size: 1.5 GB/1.6 GB (Errors:10)
[INFO]	Files: 3334/3346 | Blocks: 7521/7657 | Size: 1.5 GB/1.6 GB (Errors:10)
[INFO]	Files: 3334/3346 | Blocks: 7521/7657 | Size: 1.5 GB/1.6 GB (Errors:10)
[INFO]	Files: 3334/3346 | Blocks: 7521/7657 | Size: 1.5 GB/1.6 GB (Errors:10)
[INFO]	Files: 3334/3346 | Blocks: 7521/7657 | Size: 1.5 GB/1.6 GB (Errors:10)
[INFO]	Files: 3334/3346 | Blocks: 7521/7657 | Size: 1.5 GB/1.6 GB (Errors:10)
[INFO]	Files: 3334/3346 | Blocks: 7521/7657 | Size: 1.5 GB/1.6 GB (Errors:10)
[INFO]	Files: 3334/3346 | Blocks: 7521/7657 | Size: 1.5 GB/1.6 GB (Errors:10)
[INFO]	Recovery finished in 4m51s
[INFO]	Files: 3336/3346 | Blocks: 7637/7657 | Size: 1.6 GB/1.6 GB (Errors:10)
[INFO]	Files: 3336/3346 | Blocks: 7637/7657 | Size: 1.6 GB/1.6 GB (Errors:10)
[INFO]	Files: 3336/3346 | Blocks: 7637/7657 | Size: 1.6 GB/1.6 GB (Errors:10)
[INFO]	Files: 3336/3346 | Blocks: 7637/7657 | Size: 1.6 GB/1.6 GB (Errors:10)
[INFO]	Files: 3336/3346 | Blocks: 7637/7657 | Size: 1.6 GB/1.6 GB (Errors:10)
[INFO]	Files: 3336/3346 | Blocks: 7637/7657 | Size: 1.6 GB/1.6 GB (Errors:10)
[INFO]	Files: 3336/3346 | Blocks: 7637/7657 | Size: 1.6 GB/1.6 GB (Errors:10)
[INFO]	Files: 3336/3346 | Blocks: 7637/7657 | Size: 1.6 GB/1.6 GB (Errors:10)
